2025-06-02 16:48:06 DEBUG com.zaxxer.hikari.HikariConfig - Driver class com.mysql.cj.jdbc.Driver found in Thread context class loader jdk.internal.loader.ClassLoaders$AppClassLoader@73d16e93
2025-06-02 16:48:06 DEBUG com.zaxxer.hikari.HikariConfig - HikariPool-1 - configuration:
2025-06-02 16:48:06 DEBUG com.zaxxer.hikari.HikariConfig - allowPoolSuspension.............false
2025-06-02 16:48:06 DEBUG com.zaxxer.hikari.HikariConfig - autoCommit......................true
2025-06-02 16:48:06 DEBUG com.zaxxer.hikari.HikariConfig - catalog.........................none
2025-06-02 16:48:06 DEBUG com.zaxxer.hikari.HikariConfig - connectionInitSql...............none
2025-06-02 16:48:06 DEBUG com.zaxxer.hikari.HikariConfig - connectionTestQuery.............none
2025-06-02 16:48:06 DEBUG com.zaxxer.hikari.HikariConfig - connectionTimeout...............30000
2025-06-02 16:48:06 DEBUG com.zaxxer.hikari.HikariConfig - dataSource......................none
2025-06-02 16:48:06 DEBUG com.zaxxer.hikari.HikariConfig - dataSourceClassName.............none
2025-06-02 16:48:06 DEBUG com.zaxxer.hikari.HikariConfig - dataSourceJNDI..................none
2025-06-02 16:48:06 DEBUG com.zaxxer.hikari.HikariConfig - dataSourceProperties............{password=<masked>}
2025-06-02 16:48:06 DEBUG com.zaxxer.hikari.HikariConfig - driverClassName................."com.mysql.cj.jdbc.Driver"
2025-06-02 16:48:06 DEBUG com.zaxxer.hikari.HikariConfig - exceptionOverrideClassName......none
2025-06-02 16:48:06 DEBUG com.zaxxer.hikari.HikariConfig - healthCheckProperties...........{}
2025-06-02 16:48:06 DEBUG com.zaxxer.hikari.HikariConfig - healthCheckRegistry.............none
2025-06-02 16:48:06 DEBUG com.zaxxer.hikari.HikariConfig - idleTimeout.....................600000
2025-06-02 16:48:06 DEBUG com.zaxxer.hikari.HikariConfig - initializationFailTimeout.......1
2025-06-02 16:48:06 DEBUG com.zaxxer.hikari.HikariConfig - isolateInternalQueries..........false
2025-06-02 16:48:06 DEBUG com.zaxxer.hikari.HikariConfig - jdbcUrl.........................jdbc:mysql://localhost:3306/springteacher7db?useUnicode=true&characterEncoding=utf-8&useSSL=true&serverTimezone=Europe/Athens
2025-06-02 16:48:06 DEBUG com.zaxxer.hikari.HikariConfig - keepaliveTime...................0
2025-06-02 16:48:06 DEBUG com.zaxxer.hikari.HikariConfig - leakDetectionThreshold..........0
2025-06-02 16:48:06 DEBUG com.zaxxer.hikari.HikariConfig - maxLifetime.....................1800000
2025-06-02 16:48:06 DEBUG com.zaxxer.hikari.HikariConfig - maximumPoolSize.................10
2025-06-02 16:48:06 DEBUG com.zaxxer.hikari.HikariConfig - metricRegistry..................none
2025-06-02 16:48:06 DEBUG com.zaxxer.hikari.HikariConfig - metricsTrackerFactory...........none
2025-06-02 16:48:06 DEBUG com.zaxxer.hikari.HikariConfig - minimumIdle.....................10
2025-06-02 16:48:06 DEBUG com.zaxxer.hikari.HikariConfig - password........................<masked>
2025-06-02 16:48:06 DEBUG com.zaxxer.hikari.HikariConfig - poolName........................"HikariPool-1"
2025-06-02 16:48:06 DEBUG com.zaxxer.hikari.HikariConfig - readOnly........................false
2025-06-02 16:48:06 DEBUG com.zaxxer.hikari.HikariConfig - registerMbeans..................false
2025-06-02 16:48:06 DEBUG com.zaxxer.hikari.HikariConfig - scheduledExecutor...............none
2025-06-02 16:48:06 DEBUG com.zaxxer.hikari.HikariConfig - schema..........................none
2025-06-02 16:48:06 DEBUG com.zaxxer.hikari.HikariConfig - threadFactory...................internal
2025-06-02 16:48:06 DEBUG com.zaxxer.hikari.HikariConfig - transactionIsolation............default
2025-06-02 16:48:06 DEBUG com.zaxxer.hikari.HikariConfig - username........................"springuser"
2025-06-02 16:48:06 DEBUG com.zaxxer.hikari.HikariConfig - validationTimeout...............5000
2025-06-02 16:48:06 INFO  com.zaxxer.hikari.HikariDataSource - HikariPool-1 - Starting...
2025-06-02 16:48:06 INFO  com.zaxxer.hikari.pool.HikariPool - HikariPool-1 - Added connection com.mysql.cj.jdbc.ConnectionImpl@5d0e703a
2025-06-02 16:48:06 INFO  com.zaxxer.hikari.HikariDataSource - HikariPool-1 - Start completed.
2025-06-02 16:48:07 DEBUG com.zaxxer.hikari.pool.HikariPool - HikariPool-1 - Pool stats (total=1, active=0, idle=1, waiting=0)
2025-06-02 16:48:07 DEBUG com.zaxxer.hikari.pool.HikariPool - HikariPool-1 - Added connection com.mysql.cj.jdbc.ConnectionImpl@4305b033
2025-06-02 16:48:07 DEBUG com.zaxxer.hikari.pool.HikariPool - HikariPool-1 - After adding stats (total=2, active=0, idle=2, waiting=0)
2025-06-02 16:48:07 DEBUG com.zaxxer.hikari.pool.HikariPool - HikariPool-1 - Added connection com.mysql.cj.jdbc.ConnectionImpl@232a4f7c
2025-06-02 16:48:07 DEBUG com.zaxxer.hikari.pool.HikariPool - HikariPool-1 - After adding stats (total=3, active=0, idle=3, waiting=0)
2025-06-02 16:48:07 DEBUG com.zaxxer.hikari.pool.HikariPool - HikariPool-1 - Added connection com.mysql.cj.jdbc.ConnectionImpl@1c1863aa
2025-06-02 16:48:07 DEBUG com.zaxxer.hikari.pool.HikariPool - HikariPool-1 - After adding stats (total=4, active=0, idle=4, waiting=0)
2025-06-02 16:48:07 DEBUG com.zaxxer.hikari.pool.HikariPool - HikariPool-1 - Added connection com.mysql.cj.jdbc.ConnectionImpl@276490ff
2025-06-02 16:48:07 DEBUG com.zaxxer.hikari.pool.HikariPool - HikariPool-1 - After adding stats (total=5, active=0, idle=5, waiting=0)
2025-06-02 16:48:07 DEBUG com.zaxxer.hikari.pool.HikariPool - HikariPool-1 - Added connection com.mysql.cj.jdbc.ConnectionImpl@29618dd
2025-06-02 16:48:07 DEBUG com.zaxxer.hikari.pool.HikariPool - HikariPool-1 - After adding stats (total=6, active=0, idle=6, waiting=0)
2025-06-02 16:48:07 DEBUG com.zaxxer.hikari.pool.HikariPool - HikariPool-1 - Added connection com.mysql.cj.jdbc.ConnectionImpl@74e03ad8
2025-06-02 16:48:07 DEBUG com.zaxxer.hikari.pool.HikariPool - HikariPool-1 - After adding stats (total=7, active=0, idle=7, waiting=0)
2025-06-02 16:48:07 DEBUG com.zaxxer.hikari.pool.HikariPool - HikariPool-1 - Added connection com.mysql.cj.jdbc.ConnectionImpl@7a5d33ce
2025-06-02 16:48:07 DEBUG com.zaxxer.hikari.pool.HikariPool - HikariPool-1 - After adding stats (total=8, active=0, idle=8, waiting=0)
2025-06-02 16:48:07 DEBUG com.zaxxer.hikari.pool.HikariPool - HikariPool-1 - Added connection com.mysql.cj.jdbc.ConnectionImpl@7d114bc5
2025-06-02 16:48:07 DEBUG com.zaxxer.hikari.pool.HikariPool - HikariPool-1 - After adding stats (total=9, active=0, idle=9, waiting=0)
2025-06-02 16:48:07 DEBUG com.zaxxer.hikari.pool.HikariPool - HikariPool-1 - Added connection com.mysql.cj.jdbc.ConnectionImpl@5a1d8f1d
2025-06-02 16:48:07 DEBUG com.zaxxer.hikari.pool.HikariPool - HikariPool-1 - After adding stats (total=10, active=0, idle=10, waiting=0)
2025-06-02 16:48:37 DEBUG com.zaxxer.hikari.pool.HikariPool - HikariPool-1 - Pool stats (total=10, active=0, idle=10, waiting=0)
2025-06-02 16:48:37 DEBUG com.zaxxer.hikari.pool.HikariPool - HikariPool-1 - Fill pool skipped, pool has sufficient level or currently being filled.
2025-06-02 16:49:07 DEBUG com.zaxxer.hikari.pool.HikariPool - HikariPool-1 - Pool stats (total=10, active=0, idle=10, waiting=0)
2025-06-02 16:49:07 DEBUG com.zaxxer.hikari.pool.HikariPool - HikariPool-1 - Fill pool skipped, pool has sufficient level or currently being filled.
2025-06-02 16:49:37 DEBUG com.zaxxer.hikari.pool.HikariPool - HikariPool-1 - Pool stats (total=10, active=0, idle=10, waiting=0)
2025-06-02 16:49:37 DEBUG com.zaxxer.hikari.pool.HikariPool - HikariPool-1 - Fill pool skipped, pool has sufficient level or currently being filled.
2025-06-02 16:50:12 DEBUG com.zaxxer.hikari.HikariConfig - Driver class com.mysql.cj.jdbc.Driver found in Thread context class loader jdk.internal.loader.ClassLoaders$AppClassLoader@73d16e93
2025-06-02 16:50:12 DEBUG com.zaxxer.hikari.HikariConfig - HikariPool-1 - configuration:
2025-06-02 16:50:12 DEBUG com.zaxxer.hikari.HikariConfig - allowPoolSuspension.............false
2025-06-02 16:50:12 DEBUG com.zaxxer.hikari.HikariConfig - autoCommit......................true
2025-06-02 16:50:12 DEBUG com.zaxxer.hikari.HikariConfig - catalog.........................none
2025-06-02 16:50:12 DEBUG com.zaxxer.hikari.HikariConfig - connectionInitSql...............none
2025-06-02 16:50:12 DEBUG com.zaxxer.hikari.HikariConfig - connectionTestQuery.............none
2025-06-02 16:50:12 DEBUG com.zaxxer.hikari.HikariConfig - connectionTimeout...............30000
2025-06-02 16:50:12 DEBUG com.zaxxer.hikari.HikariConfig - dataSource......................none
2025-06-02 16:50:12 DEBUG com.zaxxer.hikari.HikariConfig - dataSourceClassName.............none
2025-06-02 16:50:12 DEBUG com.zaxxer.hikari.HikariConfig - dataSourceJNDI..................none
2025-06-02 16:50:12 DEBUG com.zaxxer.hikari.HikariConfig - dataSourceProperties............{password=<masked>}
2025-06-02 16:50:12 DEBUG com.zaxxer.hikari.HikariConfig - driverClassName................."com.mysql.cj.jdbc.Driver"
2025-06-02 16:50:12 DEBUG com.zaxxer.hikari.HikariConfig - exceptionOverrideClassName......none
2025-06-02 16:50:12 DEBUG com.zaxxer.hikari.HikariConfig - healthCheckProperties...........{}
2025-06-02 16:50:12 DEBUG com.zaxxer.hikari.HikariConfig - healthCheckRegistry.............none
2025-06-02 16:50:12 DEBUG com.zaxxer.hikari.HikariConfig - idleTimeout.....................600000
2025-06-02 16:50:12 DEBUG com.zaxxer.hikari.HikariConfig - initializationFailTimeout.......1
2025-06-02 16:50:12 DEBUG com.zaxxer.hikari.HikariConfig - isolateInternalQueries..........false
2025-06-02 16:50:12 DEBUG com.zaxxer.hikari.HikariConfig - jdbcUrl.........................jdbc:mysql://localhost:3306/springteacher7db?useUnicode=true&characterEncoding=utf-8&useSSL=true&serverTimezone=Europe/Athens
2025-06-02 16:50:12 DEBUG com.zaxxer.hikari.HikariConfig - keepaliveTime...................0
2025-06-02 16:50:12 DEBUG com.zaxxer.hikari.HikariConfig - leakDetectionThreshold..........0
2025-06-02 16:50:12 DEBUG com.zaxxer.hikari.HikariConfig - maxLifetime.....................1800000
2025-06-02 16:50:12 DEBUG com.zaxxer.hikari.HikariConfig - maximumPoolSize.................10
2025-06-02 16:50:12 DEBUG com.zaxxer.hikari.HikariConfig - metricRegistry..................none
2025-06-02 16:50:12 DEBUG com.zaxxer.hikari.HikariConfig - metricsTrackerFactory...........none
2025-06-02 16:50:12 DEBUG com.zaxxer.hikari.HikariConfig - minimumIdle.....................10
2025-06-02 16:50:12 DEBUG com.zaxxer.hikari.HikariConfig - password........................<masked>
2025-06-02 16:50:12 DEBUG com.zaxxer.hikari.HikariConfig - poolName........................"HikariPool-1"
2025-06-02 16:50:12 DEBUG com.zaxxer.hikari.HikariConfig - readOnly........................false
2025-06-02 16:50:12 DEBUG com.zaxxer.hikari.HikariConfig - registerMbeans..................false
2025-06-02 16:50:12 DEBUG com.zaxxer.hikari.HikariConfig - scheduledExecutor...............none
2025-06-02 16:50:12 DEBUG com.zaxxer.hikari.HikariConfig - schema..........................none
2025-06-02 16:50:12 DEBUG com.zaxxer.hikari.HikariConfig - threadFactory...................internal
2025-06-02 16:50:12 DEBUG com.zaxxer.hikari.HikariConfig - transactionIsolation............default
2025-06-02 16:50:12 DEBUG com.zaxxer.hikari.HikariConfig - username........................"springuser"
2025-06-02 16:50:12 DEBUG com.zaxxer.hikari.HikariConfig - validationTimeout...............5000
2025-06-02 16:50:12 INFO  com.zaxxer.hikari.HikariDataSource - HikariPool-1 - Starting...
2025-06-02 16:50:13 INFO  com.zaxxer.hikari.pool.HikariPool - HikariPool-1 - Added connection com.mysql.cj.jdbc.ConnectionImpl@643ecfef
2025-06-02 16:50:13 INFO  com.zaxxer.hikari.HikariDataSource - HikariPool-1 - Start completed.
2025-06-02 16:50:13 DEBUG com.zaxxer.hikari.pool.HikariPool - HikariPool-1 - Pool stats (total=1, active=0, idle=1, waiting=0)
2025-06-02 16:50:13 DEBUG com.zaxxer.hikari.pool.HikariPool - HikariPool-1 - Added connection com.mysql.cj.jdbc.ConnectionImpl@29e2ef21
2025-06-02 16:50:13 DEBUG com.zaxxer.hikari.pool.HikariPool - HikariPool-1 - After adding stats (total=2, active=0, idle=2, waiting=0)
2025-06-02 16:50:13 DEBUG com.zaxxer.hikari.pool.HikariPool - HikariPool-1 - Added connection com.mysql.cj.jdbc.ConnectionImpl@49cd106e
2025-06-02 16:50:13 DEBUG com.zaxxer.hikari.pool.HikariPool - HikariPool-1 - After adding stats (total=3, active=0, idle=3, waiting=0)
2025-06-02 16:50:13 DEBUG com.zaxxer.hikari.pool.HikariPool - HikariPool-1 - Added connection com.mysql.cj.jdbc.ConnectionImpl@5822b51a
2025-06-02 16:50:13 DEBUG com.zaxxer.hikari.pool.HikariPool - HikariPool-1 - After adding stats (total=4, active=0, idle=4, waiting=0)
2025-06-02 16:50:13 DEBUG com.zaxxer.hikari.pool.HikariPool - HikariPool-1 - Added connection com.mysql.cj.jdbc.ConnectionImpl@4d832d02
2025-06-02 16:50:13 DEBUG com.zaxxer.hikari.pool.HikariPool - HikariPool-1 - After adding stats (total=5, active=0, idle=5, waiting=0)
2025-06-02 16:50:13 DEBUG com.zaxxer.hikari.pool.HikariPool - HikariPool-1 - Added connection com.mysql.cj.jdbc.ConnectionImpl@2b7c5379
2025-06-02 16:50:13 DEBUG com.zaxxer.hikari.pool.HikariPool - HikariPool-1 - After adding stats (total=6, active=0, idle=6, waiting=0)
2025-06-02 16:50:13 DEBUG com.zaxxer.hikari.pool.HikariPool - HikariPool-1 - Added connection com.mysql.cj.jdbc.ConnectionImpl@73d71ad3
2025-06-02 16:50:13 DEBUG com.zaxxer.hikari.pool.HikariPool - HikariPool-1 - After adding stats (total=7, active=0, idle=7, waiting=0)
2025-06-02 16:50:13 DEBUG com.zaxxer.hikari.pool.HikariPool - HikariPool-1 - Added connection com.mysql.cj.jdbc.ConnectionImpl@1fff4b8
2025-06-02 16:50:13 DEBUG com.zaxxer.hikari.pool.HikariPool - HikariPool-1 - After adding stats (total=8, active=0, idle=8, waiting=0)
2025-06-02 16:50:13 DEBUG com.zaxxer.hikari.pool.HikariPool - HikariPool-1 - Added connection com.mysql.cj.jdbc.ConnectionImpl@2b7c9381
2025-06-02 16:50:13 DEBUG com.zaxxer.hikari.pool.HikariPool - HikariPool-1 - After adding stats (total=9, active=0, idle=9, waiting=0)
2025-06-02 16:50:13 DEBUG com.zaxxer.hikari.pool.HikariPool - HikariPool-1 - Added connection com.mysql.cj.jdbc.ConnectionImpl@11c73fdf
2025-06-02 16:50:13 DEBUG com.zaxxer.hikari.pool.HikariPool - HikariPool-1 - After adding stats (total=10, active=1, idle=9, waiting=0)
2025-06-02 16:50:43 DEBUG com.zaxxer.hikari.pool.HikariPool - HikariPool-1 - Pool stats (total=10, active=0, idle=10, waiting=0)
2025-06-02 16:50:43 DEBUG com.zaxxer.hikari.pool.HikariPool - HikariPool-1 - Fill pool skipped, pool has sufficient level or currently being filled.
2025-06-02 16:51:24 DEBUG com.zaxxer.hikari.HikariConfig - Driver class com.mysql.cj.jdbc.Driver found in Thread context class loader jdk.internal.loader.ClassLoaders$AppClassLoader@73d16e93
2025-06-02 16:51:24 DEBUG com.zaxxer.hikari.HikariConfig - HikariPool-1 - configuration:
2025-06-02 16:51:24 DEBUG com.zaxxer.hikari.HikariConfig - allowPoolSuspension.............false
2025-06-02 16:51:24 DEBUG com.zaxxer.hikari.HikariConfig - autoCommit......................true
2025-06-02 16:51:24 DEBUG com.zaxxer.hikari.HikariConfig - catalog.........................none
2025-06-02 16:51:24 DEBUG com.zaxxer.hikari.HikariConfig - connectionInitSql...............none
2025-06-02 16:51:24 DEBUG com.zaxxer.hikari.HikariConfig - connectionTestQuery.............none
2025-06-02 16:51:24 DEBUG com.zaxxer.hikari.HikariConfig - connectionTimeout...............30000
2025-06-02 16:51:24 DEBUG com.zaxxer.hikari.HikariConfig - dataSource......................none
2025-06-02 16:51:24 DEBUG com.zaxxer.hikari.HikariConfig - dataSourceClassName.............none
2025-06-02 16:51:24 DEBUG com.zaxxer.hikari.HikariConfig - dataSourceJNDI..................none
2025-06-02 16:51:24 DEBUG com.zaxxer.hikari.HikariConfig - dataSourceProperties............{password=<masked>}
2025-06-02 16:51:24 DEBUG com.zaxxer.hikari.HikariConfig - driverClassName................."com.mysql.cj.jdbc.Driver"
2025-06-02 16:51:24 DEBUG com.zaxxer.hikari.HikariConfig - exceptionOverrideClassName......none
2025-06-02 16:51:24 DEBUG com.zaxxer.hikari.HikariConfig - healthCheckProperties...........{}
2025-06-02 16:51:24 DEBUG com.zaxxer.hikari.HikariConfig - healthCheckRegistry.............none
2025-06-02 16:51:24 DEBUG com.zaxxer.hikari.HikariConfig - idleTimeout.....................600000
2025-06-02 16:51:24 DEBUG com.zaxxer.hikari.HikariConfig - initializationFailTimeout.......1
2025-06-02 16:51:24 DEBUG com.zaxxer.hikari.HikariConfig - isolateInternalQueries..........false
2025-06-02 16:51:24 DEBUG com.zaxxer.hikari.HikariConfig - jdbcUrl.........................jdbc:mysql://localhost:3306/springteacher7db?useUnicode=true&characterEncoding=utf-8&useSSL=true&serverTimezone=Europe/Athens
2025-06-02 16:51:24 DEBUG com.zaxxer.hikari.HikariConfig - keepaliveTime...................0
2025-06-02 16:51:24 DEBUG com.zaxxer.hikari.HikariConfig - leakDetectionThreshold..........0
2025-06-02 16:51:24 DEBUG com.zaxxer.hikari.HikariConfig - maxLifetime.....................1800000
2025-06-02 16:51:24 DEBUG com.zaxxer.hikari.HikariConfig - maximumPoolSize.................10
2025-06-02 16:51:24 DEBUG com.zaxxer.hikari.HikariConfig - metricRegistry..................none
2025-06-02 16:51:24 DEBUG com.zaxxer.hikari.HikariConfig - metricsTrackerFactory...........none
2025-06-02 16:51:24 DEBUG com.zaxxer.hikari.HikariConfig - minimumIdle.....................10
2025-06-02 16:51:24 DEBUG com.zaxxer.hikari.HikariConfig - password........................<masked>
2025-06-02 16:51:24 DEBUG com.zaxxer.hikari.HikariConfig - poolName........................"HikariPool-1"
2025-06-02 16:51:24 DEBUG com.zaxxer.hikari.HikariConfig - readOnly........................false
2025-06-02 16:51:24 DEBUG com.zaxxer.hikari.HikariConfig - registerMbeans..................false
2025-06-02 16:51:24 DEBUG com.zaxxer.hikari.HikariConfig - scheduledExecutor...............none
2025-06-02 16:51:24 DEBUG com.zaxxer.hikari.HikariConfig - schema..........................none
2025-06-02 16:51:24 DEBUG com.zaxxer.hikari.HikariConfig - threadFactory...................internal
2025-06-02 16:51:24 DEBUG com.zaxxer.hikari.HikariConfig - transactionIsolation............default
2025-06-02 16:51:24 DEBUG com.zaxxer.hikari.HikariConfig - username........................"springuser"
2025-06-02 16:51:24 DEBUG com.zaxxer.hikari.HikariConfig - validationTimeout...............5000
2025-06-02 16:51:24 INFO  com.zaxxer.hikari.HikariDataSource - HikariPool-1 - Starting...
2025-06-02 16:51:24 INFO  com.zaxxer.hikari.pool.HikariPool - HikariPool-1 - Added connection com.mysql.cj.jdbc.ConnectionImpl@5d0e703a
2025-06-02 16:51:24 INFO  com.zaxxer.hikari.HikariDataSource - HikariPool-1 - Start completed.
2025-06-02 16:51:24 DEBUG com.zaxxer.hikari.pool.HikariPool - HikariPool-1 - Pool stats (total=1, active=0, idle=1, waiting=0)
2025-06-02 16:51:24 DEBUG com.zaxxer.hikari.pool.HikariPool - HikariPool-1 - Added connection com.mysql.cj.jdbc.ConnectionImpl@3d41a8c5
2025-06-02 16:51:24 DEBUG com.zaxxer.hikari.pool.HikariPool - HikariPool-1 - After adding stats (total=2, active=0, idle=2, waiting=0)
2025-06-02 16:51:25 DEBUG com.zaxxer.hikari.pool.HikariPool - HikariPool-1 - Added connection com.mysql.cj.jdbc.ConnectionImpl@5d6e578a
2025-06-02 16:51:25 DEBUG com.zaxxer.hikari.pool.HikariPool - HikariPool-1 - After adding stats (total=3, active=0, idle=3, waiting=0)
2025-06-02 16:51:25 DEBUG com.zaxxer.hikari.pool.HikariPool - HikariPool-1 - Added connection com.mysql.cj.jdbc.ConnectionImpl@554c60b3
2025-06-02 16:51:25 DEBUG com.zaxxer.hikari.pool.HikariPool - HikariPool-1 - After adding stats (total=4, active=0, idle=4, waiting=0)
2025-06-02 16:51:25 DEBUG com.zaxxer.hikari.pool.HikariPool - HikariPool-1 - Added connection com.mysql.cj.jdbc.ConnectionImpl@59206e55
2025-06-02 16:51:25 DEBUG com.zaxxer.hikari.pool.HikariPool - HikariPool-1 - After adding stats (total=5, active=0, idle=5, waiting=0)
2025-06-02 16:51:25 DEBUG com.zaxxer.hikari.pool.HikariPool - HikariPool-1 - Added connection com.mysql.cj.jdbc.ConnectionImpl@729730ef
2025-06-02 16:51:25 DEBUG com.zaxxer.hikari.pool.HikariPool - HikariPool-1 - After adding stats (total=6, active=0, idle=6, waiting=0)
2025-06-02 16:51:25 DEBUG com.zaxxer.hikari.pool.HikariPool - HikariPool-1 - Added connection com.mysql.cj.jdbc.ConnectionImpl@33f1efbf
2025-06-02 16:51:25 DEBUG com.zaxxer.hikari.pool.HikariPool - HikariPool-1 - After adding stats (total=7, active=0, idle=7, waiting=0)
2025-06-02 16:51:25 DEBUG com.zaxxer.hikari.pool.HikariPool - HikariPool-1 - Added connection com.mysql.cj.jdbc.ConnectionImpl@788b57f4
2025-06-02 16:51:25 DEBUG com.zaxxer.hikari.pool.HikariPool - HikariPool-1 - After adding stats (total=8, active=0, idle=8, waiting=0)
2025-06-02 16:51:25 DEBUG com.zaxxer.hikari.pool.HikariPool - HikariPool-1 - Added connection com.mysql.cj.jdbc.ConnectionImpl@66d0ff6c
2025-06-02 16:51:25 DEBUG com.zaxxer.hikari.pool.HikariPool - HikariPool-1 - After adding stats (total=9, active=0, idle=9, waiting=0)
2025-06-02 16:51:25 DEBUG com.zaxxer.hikari.pool.HikariPool - HikariPool-1 - Added connection com.mysql.cj.jdbc.ConnectionImpl@77ecf262
2025-06-02 16:51:25 DEBUG com.zaxxer.hikari.pool.HikariPool - HikariPool-1 - After adding stats (total=10, active=0, idle=10, waiting=0)
2025-06-02 16:51:54 DEBUG com.zaxxer.hikari.pool.HikariPool - HikariPool-1 - Pool stats (total=10, active=0, idle=10, waiting=0)
2025-06-02 16:51:54 DEBUG com.zaxxer.hikari.pool.HikariPool - HikariPool-1 - Fill pool skipped, pool has sufficient level or currently being filled.
2025-06-02 16:52:24 DEBUG com.zaxxer.hikari.pool.HikariPool - HikariPool-1 - Pool stats (total=10, active=0, idle=10, waiting=0)
2025-06-02 16:52:24 DEBUG com.zaxxer.hikari.pool.HikariPool - HikariPool-1 - Fill pool skipped, pool has sufficient level or currently being filled.
2025-06-02 16:52:54 DEBUG com.zaxxer.hikari.pool.HikariPool - HikariPool-1 - Pool stats (total=10, active=0, idle=10, waiting=0)
2025-06-02 16:52:54 DEBUG com.zaxxer.hikari.pool.HikariPool - HikariPool-1 - Fill pool skipped, pool has sufficient level or currently being filled.
2025-06-02 16:53:24 DEBUG com.zaxxer.hikari.pool.HikariPool - HikariPool-1 - Pool stats (total=10, active=0, idle=10, waiting=0)
2025-06-02 16:53:24 DEBUG com.zaxxer.hikari.pool.HikariPool - HikariPool-1 - Fill pool skipped, pool has sufficient level or currently being filled.
2025-06-02 16:54:44 DEBUG com.zaxxer.hikari.HikariConfig - Driver class com.mysql.cj.jdbc.Driver found in Thread context class loader jdk.internal.loader.ClassLoaders$AppClassLoader@73d16e93
2025-06-02 16:54:44 DEBUG com.zaxxer.hikari.HikariConfig - HikariPool-1 - configuration:
2025-06-02 16:54:44 DEBUG com.zaxxer.hikari.HikariConfig - allowPoolSuspension.............false
2025-06-02 16:54:44 DEBUG com.zaxxer.hikari.HikariConfig - autoCommit......................true
2025-06-02 16:54:44 DEBUG com.zaxxer.hikari.HikariConfig - catalog.........................none
2025-06-02 16:54:44 DEBUG com.zaxxer.hikari.HikariConfig - connectionInitSql...............none
2025-06-02 16:54:44 DEBUG com.zaxxer.hikari.HikariConfig - connectionTestQuery.............none
2025-06-02 16:54:44 DEBUG com.zaxxer.hikari.HikariConfig - connectionTimeout...............30000
2025-06-02 16:54:44 DEBUG com.zaxxer.hikari.HikariConfig - dataSource......................none
2025-06-02 16:54:44 DEBUG com.zaxxer.hikari.HikariConfig - dataSourceClassName.............none
2025-06-02 16:54:44 DEBUG com.zaxxer.hikari.HikariConfig - dataSourceJNDI..................none
2025-06-02 16:54:44 DEBUG com.zaxxer.hikari.HikariConfig - dataSourceProperties............{password=<masked>}
2025-06-02 16:54:44 DEBUG com.zaxxer.hikari.HikariConfig - driverClassName................."com.mysql.cj.jdbc.Driver"
2025-06-02 16:54:44 DEBUG com.zaxxer.hikari.HikariConfig - exceptionOverrideClassName......none
2025-06-02 16:54:44 DEBUG com.zaxxer.hikari.HikariConfig - healthCheckProperties...........{}
2025-06-02 16:54:44 DEBUG com.zaxxer.hikari.HikariConfig - healthCheckRegistry.............none
2025-06-02 16:54:44 DEBUG com.zaxxer.hikari.HikariConfig - idleTimeout.....................600000
2025-06-02 16:54:44 DEBUG com.zaxxer.hikari.HikariConfig - initializationFailTimeout.......1
2025-06-02 16:54:44 DEBUG com.zaxxer.hikari.HikariConfig - isolateInternalQueries..........false
2025-06-02 16:54:44 DEBUG com.zaxxer.hikari.HikariConfig - jdbcUrl.........................jdbc:mysql://localhost:3306/springteacher7db?useUnicode=true&characterEncoding=utf-8&useSSL=true&serverTimezone=Europe/Athens
2025-06-02 16:54:44 DEBUG com.zaxxer.hikari.HikariConfig - keepaliveTime...................0
2025-06-02 16:54:44 DEBUG com.zaxxer.hikari.HikariConfig - leakDetectionThreshold..........0
2025-06-02 16:54:44 DEBUG com.zaxxer.hikari.HikariConfig - maxLifetime.....................1800000
2025-06-02 16:54:44 DEBUG com.zaxxer.hikari.HikariConfig - maximumPoolSize.................10
2025-06-02 16:54:44 DEBUG com.zaxxer.hikari.HikariConfig - metricRegistry..................none
2025-06-02 16:54:44 DEBUG com.zaxxer.hikari.HikariConfig - metricsTrackerFactory...........none
2025-06-02 16:54:44 DEBUG com.zaxxer.hikari.HikariConfig - minimumIdle.....................10
2025-06-02 16:54:44 DEBUG com.zaxxer.hikari.HikariConfig - password........................<masked>
2025-06-02 16:54:44 DEBUG com.zaxxer.hikari.HikariConfig - poolName........................"HikariPool-1"
2025-06-02 16:54:44 DEBUG com.zaxxer.hikari.HikariConfig - readOnly........................false
2025-06-02 16:54:44 DEBUG com.zaxxer.hikari.HikariConfig - registerMbeans..................false
2025-06-02 16:54:44 DEBUG com.zaxxer.hikari.HikariConfig - scheduledExecutor...............none
2025-06-02 16:54:44 DEBUG com.zaxxer.hikari.HikariConfig - schema..........................none
2025-06-02 16:54:44 DEBUG com.zaxxer.hikari.HikariConfig - threadFactory...................internal
2025-06-02 16:54:44 DEBUG com.zaxxer.hikari.HikariConfig - transactionIsolation............default
2025-06-02 16:54:44 DEBUG com.zaxxer.hikari.HikariConfig - username........................"springuser"
2025-06-02 16:54:44 DEBUG com.zaxxer.hikari.HikariConfig - validationTimeout...............5000
2025-06-02 16:54:44 INFO  com.zaxxer.hikari.HikariDataSource - HikariPool-1 - Starting...
2025-06-02 16:54:44 INFO  com.zaxxer.hikari.pool.HikariPool - HikariPool-1 - Added connection com.mysql.cj.jdbc.ConnectionImpl@621392ea
2025-06-02 16:54:44 INFO  com.zaxxer.hikari.HikariDataSource - HikariPool-1 - Start completed.
2025-06-02 16:54:44 DEBUG com.zaxxer.hikari.pool.HikariPool - HikariPool-1 - Pool stats (total=1, active=0, idle=1, waiting=0)
2025-06-02 16:54:44 DEBUG com.zaxxer.hikari.pool.HikariPool - HikariPool-1 - Added connection com.mysql.cj.jdbc.ConnectionImpl@169dc759
2025-06-02 16:54:44 DEBUG com.zaxxer.hikari.pool.HikariPool - HikariPool-1 - After adding stats (total=2, active=0, idle=2, waiting=0)
2025-06-02 16:54:44 DEBUG com.zaxxer.hikari.pool.HikariPool - HikariPool-1 - Added connection com.mysql.cj.jdbc.ConnectionImpl@76b23816
2025-06-02 16:54:44 DEBUG com.zaxxer.hikari.pool.HikariPool - HikariPool-1 - After adding stats (total=3, active=0, idle=3, waiting=0)
2025-06-02 16:54:44 DEBUG com.zaxxer.hikari.pool.HikariPool - HikariPool-1 - Added connection com.mysql.cj.jdbc.ConnectionImpl@77ea4c3f
2025-06-02 16:54:44 DEBUG com.zaxxer.hikari.pool.HikariPool - HikariPool-1 - After adding stats (total=4, active=0, idle=4, waiting=0)
2025-06-02 16:54:44 DEBUG com.zaxxer.hikari.pool.HikariPool - HikariPool-1 - Added connection com.mysql.cj.jdbc.ConnectionImpl@72fca205
2025-06-02 16:54:44 DEBUG com.zaxxer.hikari.pool.HikariPool - HikariPool-1 - After adding stats (total=5, active=0, idle=5, waiting=0)
2025-06-02 16:54:45 DEBUG com.zaxxer.hikari.pool.HikariPool - HikariPool-1 - Added connection com.mysql.cj.jdbc.ConnectionImpl@61962ce4
2025-06-02 16:54:45 DEBUG com.zaxxer.hikari.pool.HikariPool - HikariPool-1 - After adding stats (total=6, active=0, idle=6, waiting=0)
2025-06-02 16:54:45 DEBUG com.zaxxer.hikari.pool.HikariPool - HikariPool-1 - Added connection com.mysql.cj.jdbc.ConnectionImpl@298a13cb
2025-06-02 16:54:45 DEBUG com.zaxxer.hikari.pool.HikariPool - HikariPool-1 - After adding stats (total=7, active=0, idle=7, waiting=0)
2025-06-02 16:54:45 DEBUG com.zaxxer.hikari.pool.HikariPool - HikariPool-1 - Added connection com.mysql.cj.jdbc.ConnectionImpl@7dc8421c
2025-06-02 16:54:45 DEBUG com.zaxxer.hikari.pool.HikariPool - HikariPool-1 - After adding stats (total=8, active=0, idle=8, waiting=0)
2025-06-02 16:54:45 DEBUG com.zaxxer.hikari.pool.HikariPool - HikariPool-1 - Added connection com.mysql.cj.jdbc.ConnectionImpl@31f5cc1e
2025-06-02 16:54:45 DEBUG com.zaxxer.hikari.pool.HikariPool - HikariPool-1 - After adding stats (total=9, active=0, idle=9, waiting=0)
2025-06-02 16:54:45 DEBUG com.zaxxer.hikari.pool.HikariPool - HikariPool-1 - Added connection com.mysql.cj.jdbc.ConnectionImpl@6ec97310
2025-06-02 16:54:45 DEBUG com.zaxxer.hikari.pool.HikariPool - HikariPool-1 - After adding stats (total=10, active=0, idle=10, waiting=0)
2025-06-02 16:55:14 DEBUG com.zaxxer.hikari.pool.HikariPool - HikariPool-1 - Pool stats (total=10, active=0, idle=10, waiting=0)
2025-06-02 16:55:14 DEBUG com.zaxxer.hikari.pool.HikariPool - HikariPool-1 - Fill pool skipped, pool has sufficient level or currently being filled.
2025-06-02 16:55:44 DEBUG com.zaxxer.hikari.pool.HikariPool - HikariPool-1 - Pool stats (total=10, active=0, idle=10, waiting=0)
2025-06-02 16:55:44 DEBUG com.zaxxer.hikari.pool.HikariPool - HikariPool-1 - Fill pool skipped, pool has sufficient level or currently being filled.
2025-06-02 16:56:17 DEBUG com.zaxxer.hikari.HikariConfig - Driver class com.mysql.cj.jdbc.Driver found in Thread context class loader jdk.internal.loader.ClassLoaders$AppClassLoader@73d16e93
2025-06-02 16:56:18 DEBUG com.zaxxer.hikari.HikariConfig - HikariPool-1 - configuration:
2025-06-02 16:56:18 DEBUG com.zaxxer.hikari.HikariConfig - allowPoolSuspension.............false
2025-06-02 16:56:18 DEBUG com.zaxxer.hikari.HikariConfig - autoCommit......................true
2025-06-02 16:56:18 DEBUG com.zaxxer.hikari.HikariConfig - catalog.........................none
2025-06-02 16:56:18 DEBUG com.zaxxer.hikari.HikariConfig - connectionInitSql...............none
2025-06-02 16:56:18 DEBUG com.zaxxer.hikari.HikariConfig - connectionTestQuery.............none
2025-06-02 16:56:18 DEBUG com.zaxxer.hikari.HikariConfig - connectionTimeout...............30000
2025-06-02 16:56:18 DEBUG com.zaxxer.hikari.HikariConfig - dataSource......................none
2025-06-02 16:56:18 DEBUG com.zaxxer.hikari.HikariConfig - dataSourceClassName.............none
2025-06-02 16:56:18 DEBUG com.zaxxer.hikari.HikariConfig - dataSourceJNDI..................none
2025-06-02 16:56:18 DEBUG com.zaxxer.hikari.HikariConfig - dataSourceProperties............{password=<masked>}
2025-06-02 16:56:18 DEBUG com.zaxxer.hikari.HikariConfig - driverClassName................."com.mysql.cj.jdbc.Driver"
2025-06-02 16:56:18 DEBUG com.zaxxer.hikari.HikariConfig - exceptionOverrideClassName......none
2025-06-02 16:56:18 DEBUG com.zaxxer.hikari.HikariConfig - healthCheckProperties...........{}
2025-06-02 16:56:18 DEBUG com.zaxxer.hikari.HikariConfig - healthCheckRegistry.............none
2025-06-02 16:56:18 DEBUG com.zaxxer.hikari.HikariConfig - idleTimeout.....................600000
2025-06-02 16:56:18 DEBUG com.zaxxer.hikari.HikariConfig - initializationFailTimeout.......1
2025-06-02 16:56:18 DEBUG com.zaxxer.hikari.HikariConfig - isolateInternalQueries..........false
2025-06-02 16:56:18 DEBUG com.zaxxer.hikari.HikariConfig - jdbcUrl.........................jdbc:mysql://localhost:3306/springteacher7db?useUnicode=true&characterEncoding=utf-8&useSSL=true&serverTimezone=Europe/Athens
2025-06-02 16:56:18 DEBUG com.zaxxer.hikari.HikariConfig - keepaliveTime...................0
2025-06-02 16:56:18 DEBUG com.zaxxer.hikari.HikariConfig - leakDetectionThreshold..........0
2025-06-02 16:56:18 DEBUG com.zaxxer.hikari.HikariConfig - maxLifetime.....................1800000
2025-06-02 16:56:18 DEBUG com.zaxxer.hikari.HikariConfig - maximumPoolSize.................10
2025-06-02 16:56:18 DEBUG com.zaxxer.hikari.HikariConfig - metricRegistry..................none
2025-06-02 16:56:18 DEBUG com.zaxxer.hikari.HikariConfig - metricsTrackerFactory...........none
2025-06-02 16:56:18 DEBUG com.zaxxer.hikari.HikariConfig - minimumIdle.....................10
2025-06-02 16:56:18 DEBUG com.zaxxer.hikari.HikariConfig - password........................<masked>
2025-06-02 16:56:18 DEBUG com.zaxxer.hikari.HikariConfig - poolName........................"HikariPool-1"
2025-06-02 16:56:18 DEBUG com.zaxxer.hikari.HikariConfig - readOnly........................false
2025-06-02 16:56:18 DEBUG com.zaxxer.hikari.HikariConfig - registerMbeans..................false
2025-06-02 16:56:18 DEBUG com.zaxxer.hikari.HikariConfig - scheduledExecutor...............none
2025-06-02 16:56:18 DEBUG com.zaxxer.hikari.HikariConfig - schema..........................none
2025-06-02 16:56:18 DEBUG com.zaxxer.hikari.HikariConfig - threadFactory...................internal
2025-06-02 16:56:18 DEBUG com.zaxxer.hikari.HikariConfig - transactionIsolation............default
2025-06-02 16:56:18 DEBUG com.zaxxer.hikari.HikariConfig - username........................"springuser"
2025-06-02 16:56:18 DEBUG com.zaxxer.hikari.HikariConfig - validationTimeout...............5000
2025-06-02 16:56:18 INFO  com.zaxxer.hikari.HikariDataSource - HikariPool-1 - Starting...
2025-06-02 16:56:18 INFO  com.zaxxer.hikari.pool.HikariPool - HikariPool-1 - Added connection com.mysql.cj.jdbc.ConnectionImpl@280d6a20
2025-06-02 16:56:18 INFO  com.zaxxer.hikari.HikariDataSource - HikariPool-1 - Start completed.
2025-06-02 16:56:18 DEBUG com.zaxxer.hikari.pool.HikariPool - HikariPool-1 - Pool stats (total=1, active=0, idle=1, waiting=0)
2025-06-02 16:56:18 DEBUG com.zaxxer.hikari.pool.HikariPool - HikariPool-1 - Added connection com.mysql.cj.jdbc.ConnectionImpl@366b2949
2025-06-02 16:56:18 DEBUG com.zaxxer.hikari.pool.HikariPool - HikariPool-1 - After adding stats (total=2, active=0, idle=2, waiting=0)
2025-06-02 16:56:18 DEBUG com.zaxxer.hikari.pool.HikariPool - HikariPool-1 - Added connection com.mysql.cj.jdbc.ConnectionImpl@5644d606
2025-06-02 16:56:18 DEBUG com.zaxxer.hikari.pool.HikariPool - HikariPool-1 - After adding stats (total=3, active=0, idle=3, waiting=0)
2025-06-02 16:56:18 DEBUG com.zaxxer.hikari.pool.HikariPool - HikariPool-1 - Added connection com.mysql.cj.jdbc.ConnectionImpl@4fe118d8
2025-06-02 16:56:18 DEBUG com.zaxxer.hikari.pool.HikariPool - HikariPool-1 - After adding stats (total=4, active=0, idle=4, waiting=0)
2025-06-02 16:56:18 DEBUG com.zaxxer.hikari.pool.HikariPool - HikariPool-1 - Added connection com.mysql.cj.jdbc.ConnectionImpl@520aecf3
2025-06-02 16:56:18 DEBUG com.zaxxer.hikari.pool.HikariPool - HikariPool-1 - After adding stats (total=5, active=0, idle=5, waiting=0)
2025-06-02 16:56:18 DEBUG com.zaxxer.hikari.pool.HikariPool - HikariPool-1 - Added connection com.mysql.cj.jdbc.ConnectionImpl@4ab344a7
2025-06-02 16:56:18 DEBUG com.zaxxer.hikari.pool.HikariPool - HikariPool-1 - After adding stats (total=6, active=0, idle=6, waiting=0)
2025-06-02 16:56:18 DEBUG com.zaxxer.hikari.pool.HikariPool - HikariPool-1 - Added connection com.mysql.cj.jdbc.ConnectionImpl@1a526139
2025-06-02 16:56:18 DEBUG com.zaxxer.hikari.pool.HikariPool - HikariPool-1 - After adding stats (total=7, active=0, idle=7, waiting=0)
2025-06-02 16:56:18 DEBUG com.zaxxer.hikari.pool.HikariPool - HikariPool-1 - Added connection com.mysql.cj.jdbc.ConnectionImpl@5a0748af
2025-06-02 16:56:19 DEBUG com.zaxxer.hikari.pool.HikariPool - HikariPool-1 - After adding stats (total=8, active=0, idle=8, waiting=0)
2025-06-02 16:56:19 DEBUG com.zaxxer.hikari.pool.HikariPool - HikariPool-1 - Added connection com.mysql.cj.jdbc.ConnectionImpl@1ff9f0d0
2025-06-02 16:56:19 DEBUG com.zaxxer.hikari.pool.HikariPool - HikariPool-1 - After adding stats (total=9, active=0, idle=9, waiting=0)
2025-06-02 16:56:19 DEBUG com.zaxxer.hikari.pool.HikariPool - HikariPool-1 - Added connection com.mysql.cj.jdbc.ConnectionImpl@7884194b
2025-06-02 16:56:19 DEBUG com.zaxxer.hikari.pool.HikariPool - HikariPool-1 - After adding stats (total=10, active=0, idle=10, waiting=0)
2025-06-02 16:56:48 DEBUG com.zaxxer.hikari.pool.HikariPool - HikariPool-1 - Pool stats (total=10, active=0, idle=10, waiting=0)
2025-06-02 16:56:48 DEBUG com.zaxxer.hikari.pool.HikariPool - HikariPool-1 - Fill pool skipped, pool has sufficient level or currently being filled.
2025-06-02 16:57:18 DEBUG com.zaxxer.hikari.pool.HikariPool - HikariPool-1 - Pool stats (total=10, active=0, idle=10, waiting=0)
2025-06-02 16:57:18 DEBUG com.zaxxer.hikari.pool.HikariPool - HikariPool-1 - Fill pool skipped, pool has sufficient level or currently being filled.
2025-06-02 16:57:48 DEBUG com.zaxxer.hikari.pool.HikariPool - HikariPool-1 - Pool stats (total=10, active=0, idle=10, waiting=0)
2025-06-02 16:57:48 DEBUG com.zaxxer.hikari.pool.HikariPool - HikariPool-1 - Fill pool skipped, pool has sufficient level or currently being filled.
2025-06-02 16:58:18 DEBUG com.zaxxer.hikari.pool.HikariPool - HikariPool-1 - Pool stats (total=10, active=0, idle=10, waiting=0)
2025-06-02 16:58:18 DEBUG com.zaxxer.hikari.pool.HikariPool - HikariPool-1 - Fill pool skipped, pool has sufficient level or currently being filled.
2025-06-02 16:58:48 DEBUG com.zaxxer.hikari.pool.HikariPool - HikariPool-1 - Pool stats (total=10, active=0, idle=10, waiting=0)
2025-06-02 16:58:48 DEBUG com.zaxxer.hikari.pool.HikariPool - HikariPool-1 - Fill pool skipped, pool has sufficient level or currently being filled.
2025-06-02 17:00:30 DEBUG com.zaxxer.hikari.HikariConfig - Driver class com.mysql.cj.jdbc.Driver found in Thread context class loader jdk.internal.loader.ClassLoaders$AppClassLoader@73d16e93
2025-06-02 17:00:30 DEBUG com.zaxxer.hikari.HikariConfig - HikariPool-1 - configuration:
2025-06-02 17:00:30 DEBUG com.zaxxer.hikari.HikariConfig - allowPoolSuspension.............false
2025-06-02 17:00:30 DEBUG com.zaxxer.hikari.HikariConfig - autoCommit......................true
2025-06-02 17:00:30 DEBUG com.zaxxer.hikari.HikariConfig - catalog.........................none
2025-06-02 17:00:30 DEBUG com.zaxxer.hikari.HikariConfig - connectionInitSql...............none
2025-06-02 17:00:30 DEBUG com.zaxxer.hikari.HikariConfig - connectionTestQuery.............none
2025-06-02 17:00:30 DEBUG com.zaxxer.hikari.HikariConfig - connectionTimeout...............30000
2025-06-02 17:00:30 DEBUG com.zaxxer.hikari.HikariConfig - dataSource......................none
2025-06-02 17:00:30 DEBUG com.zaxxer.hikari.HikariConfig - dataSourceClassName.............none
2025-06-02 17:00:30 DEBUG com.zaxxer.hikari.HikariConfig - dataSourceJNDI..................none
2025-06-02 17:00:30 DEBUG com.zaxxer.hikari.HikariConfig - dataSourceProperties............{password=<masked>}
2025-06-02 17:00:30 DEBUG com.zaxxer.hikari.HikariConfig - driverClassName................."com.mysql.cj.jdbc.Driver"
2025-06-02 17:00:30 DEBUG com.zaxxer.hikari.HikariConfig - exceptionOverrideClassName......none
2025-06-02 17:00:30 DEBUG com.zaxxer.hikari.HikariConfig - healthCheckProperties...........{}
2025-06-02 17:00:30 DEBUG com.zaxxer.hikari.HikariConfig - healthCheckRegistry.............none
2025-06-02 17:00:30 DEBUG com.zaxxer.hikari.HikariConfig - idleTimeout.....................600000
2025-06-02 17:00:30 DEBUG com.zaxxer.hikari.HikariConfig - initializationFailTimeout.......1
2025-06-02 17:00:30 DEBUG com.zaxxer.hikari.HikariConfig - isolateInternalQueries..........false
2025-06-02 17:00:30 DEBUG com.zaxxer.hikari.HikariConfig - jdbcUrl.........................jdbc:mysql://localhost:3306/springteacher7db?useUnicode=true&characterEncoding=utf-8&useSSL=true&serverTimezone=Europe/Athens
2025-06-02 17:00:30 DEBUG com.zaxxer.hikari.HikariConfig - keepaliveTime...................0
2025-06-02 17:00:30 DEBUG com.zaxxer.hikari.HikariConfig - leakDetectionThreshold..........0
2025-06-02 17:00:30 DEBUG com.zaxxer.hikari.HikariConfig - maxLifetime.....................1800000
2025-06-02 17:00:30 DEBUG com.zaxxer.hikari.HikariConfig - maximumPoolSize.................10
2025-06-02 17:00:30 DEBUG com.zaxxer.hikari.HikariConfig - metricRegistry..................none
2025-06-02 17:00:30 DEBUG com.zaxxer.hikari.HikariConfig - metricsTrackerFactory...........none
2025-06-02 17:00:30 DEBUG com.zaxxer.hikari.HikariConfig - minimumIdle.....................10
2025-06-02 17:00:30 DEBUG com.zaxxer.hikari.HikariConfig - password........................<masked>
2025-06-02 17:00:30 DEBUG com.zaxxer.hikari.HikariConfig - poolName........................"HikariPool-1"
2025-06-02 17:00:30 DEBUG com.zaxxer.hikari.HikariConfig - readOnly........................false
2025-06-02 17:00:30 DEBUG com.zaxxer.hikari.HikariConfig - registerMbeans..................false
2025-06-02 17:00:30 DEBUG com.zaxxer.hikari.HikariConfig - scheduledExecutor...............none
2025-06-02 17:00:30 DEBUG com.zaxxer.hikari.HikariConfig - schema..........................none
2025-06-02 17:00:30 DEBUG com.zaxxer.hikari.HikariConfig - threadFactory...................internal
2025-06-02 17:00:30 DEBUG com.zaxxer.hikari.HikariConfig - transactionIsolation............default
2025-06-02 17:00:30 DEBUG com.zaxxer.hikari.HikariConfig - username........................"springuser"
2025-06-02 17:00:30 DEBUG com.zaxxer.hikari.HikariConfig - validationTimeout...............5000
2025-06-02 17:00:30 INFO  com.zaxxer.hikari.HikariDataSource - HikariPool-1 - Starting...
2025-06-02 17:00:30 INFO  com.zaxxer.hikari.pool.HikariPool - HikariPool-1 - Added connection com.mysql.cj.jdbc.ConnectionImpl@5034681f
2025-06-02 17:00:30 INFO  com.zaxxer.hikari.HikariDataSource - HikariPool-1 - Start completed.
2025-06-02 17:00:31 DEBUG com.zaxxer.hikari.pool.HikariPool - HikariPool-1 - Pool stats (total=1, active=0, idle=1, waiting=0)
2025-06-02 17:00:31 DEBUG com.zaxxer.hikari.pool.HikariPool - HikariPool-1 - Added connection com.mysql.cj.jdbc.ConnectionImpl@1177d312
2025-06-02 17:00:31 DEBUG com.zaxxer.hikari.pool.HikariPool - HikariPool-1 - After adding stats (total=2, active=0, idle=2, waiting=0)
2025-06-02 17:00:31 DEBUG com.zaxxer.hikari.pool.HikariPool - HikariPool-1 - Added connection com.mysql.cj.jdbc.ConnectionImpl@71582c5d
2025-06-02 17:00:31 DEBUG com.zaxxer.hikari.pool.HikariPool - HikariPool-1 - After adding stats (total=3, active=0, idle=3, waiting=0)
2025-06-02 17:00:31 DEBUG com.zaxxer.hikari.pool.HikariPool - HikariPool-1 - Added connection com.mysql.cj.jdbc.ConnectionImpl@5fc0e952
2025-06-02 17:00:31 DEBUG com.zaxxer.hikari.pool.HikariPool - HikariPool-1 - After adding stats (total=4, active=0, idle=4, waiting=0)
2025-06-02 17:00:31 DEBUG com.zaxxer.hikari.pool.HikariPool - HikariPool-1 - Added connection com.mysql.cj.jdbc.ConnectionImpl@7516b1ac
2025-06-02 17:00:31 DEBUG com.zaxxer.hikari.pool.HikariPool - HikariPool-1 - After adding stats (total=5, active=0, idle=5, waiting=0)
2025-06-02 17:00:31 DEBUG com.zaxxer.hikari.pool.HikariPool - HikariPool-1 - Added connection com.mysql.cj.jdbc.ConnectionImpl@4d524156
2025-06-02 17:00:31 DEBUG com.zaxxer.hikari.pool.HikariPool - HikariPool-1 - After adding stats (total=6, active=0, idle=6, waiting=0)
2025-06-02 17:00:31 DEBUG com.zaxxer.hikari.pool.HikariPool - HikariPool-1 - Added connection com.mysql.cj.jdbc.ConnectionImpl@2a8ec8ba
2025-06-02 17:00:31 DEBUG com.zaxxer.hikari.pool.HikariPool - HikariPool-1 - After adding stats (total=7, active=0, idle=7, waiting=0)
2025-06-02 17:00:31 DEBUG com.zaxxer.hikari.pool.HikariPool - HikariPool-1 - Added connection com.mysql.cj.jdbc.ConnectionImpl@659f3d9a
2025-06-02 17:00:31 DEBUG com.zaxxer.hikari.pool.HikariPool - HikariPool-1 - After adding stats (total=8, active=0, idle=8, waiting=0)
2025-06-02 17:00:31 DEBUG com.zaxxer.hikari.pool.HikariPool - HikariPool-1 - Added connection com.mysql.cj.jdbc.ConnectionImpl@7f67b81f
2025-06-02 17:00:31 DEBUG com.zaxxer.hikari.pool.HikariPool - HikariPool-1 - After adding stats (total=9, active=0, idle=9, waiting=0)
2025-06-02 17:00:31 DEBUG com.zaxxer.hikari.pool.HikariPool - HikariPool-1 - Added connection com.mysql.cj.jdbc.ConnectionImpl@1df559aa
2025-06-02 17:00:31 DEBUG com.zaxxer.hikari.pool.HikariPool - HikariPool-1 - After adding stats (total=10, active=0, idle=10, waiting=0)
2025-06-02 17:01:01 DEBUG com.zaxxer.hikari.pool.HikariPool - HikariPool-1 - Pool stats (total=10, active=0, idle=10, waiting=0)
2025-06-02 17:01:01 DEBUG com.zaxxer.hikari.pool.HikariPool - HikariPool-1 - Fill pool skipped, pool has sufficient level or currently being filled.
2025-06-02 17:01:31 DEBUG com.zaxxer.hikari.pool.HikariPool - HikariPool-1 - Pool stats (total=10, active=0, idle=10, waiting=0)
2025-06-02 17:01:31 DEBUG com.zaxxer.hikari.pool.HikariPool - HikariPool-1 - Fill pool skipped, pool has sufficient level or currently being filled.
2025-06-02 17:02:01 DEBUG com.zaxxer.hikari.pool.HikariPool - HikariPool-1 - Pool stats (total=10, active=0, idle=10, waiting=0)
2025-06-02 17:02:01 DEBUG com.zaxxer.hikari.pool.HikariPool - HikariPool-1 - Fill pool skipped, pool has sufficient level or currently being filled.
2025-06-02 17:02:31 DEBUG com.zaxxer.hikari.pool.HikariPool - HikariPool-1 - Pool stats (total=10, active=0, idle=10, waiting=0)
2025-06-02 17:02:31 DEBUG com.zaxxer.hikari.pool.HikariPool - HikariPool-1 - Fill pool skipped, pool has sufficient level or currently being filled.
2025-06-02 17:03:01 DEBUG com.zaxxer.hikari.pool.HikariPool - HikariPool-1 - Pool stats (total=10, active=0, idle=10, waiting=0)
2025-06-02 17:03:01 DEBUG com.zaxxer.hikari.pool.HikariPool - HikariPool-1 - Fill pool skipped, pool has sufficient level or currently being filled.
2025-06-02 17:03:31 DEBUG com.zaxxer.hikari.pool.HikariPool - HikariPool-1 - Pool stats (total=10, active=0, idle=10, waiting=0)
2025-06-02 17:03:31 DEBUG com.zaxxer.hikari.pool.HikariPool - HikariPool-1 - Fill pool skipped, pool has sufficient level or currently being filled.
2025-06-02 17:03:47 DEBUG com.zaxxer.hikari.HikariConfig - Driver class com.mysql.cj.jdbc.Driver found in Thread context class loader jdk.internal.loader.ClassLoaders$AppClassLoader@73d16e93
2025-06-02 17:03:48 DEBUG com.zaxxer.hikari.HikariConfig - HikariPool-1 - configuration:
2025-06-02 17:03:48 DEBUG com.zaxxer.hikari.HikariConfig - allowPoolSuspension.............false
2025-06-02 17:03:48 DEBUG com.zaxxer.hikari.HikariConfig - autoCommit......................true
2025-06-02 17:03:48 DEBUG com.zaxxer.hikari.HikariConfig - catalog.........................none
2025-06-02 17:03:48 DEBUG com.zaxxer.hikari.HikariConfig - connectionInitSql...............none
2025-06-02 17:03:48 DEBUG com.zaxxer.hikari.HikariConfig - connectionTestQuery.............none
2025-06-02 17:03:48 DEBUG com.zaxxer.hikari.HikariConfig - connectionTimeout...............30000
2025-06-02 17:03:48 DEBUG com.zaxxer.hikari.HikariConfig - dataSource......................none
2025-06-02 17:03:48 DEBUG com.zaxxer.hikari.HikariConfig - dataSourceClassName.............none
2025-06-02 17:03:48 DEBUG com.zaxxer.hikari.HikariConfig - dataSourceJNDI..................none
2025-06-02 17:03:48 DEBUG com.zaxxer.hikari.HikariConfig - dataSourceProperties............{password=<masked>}
2025-06-02 17:03:48 DEBUG com.zaxxer.hikari.HikariConfig - driverClassName................."com.mysql.cj.jdbc.Driver"
2025-06-02 17:03:48 DEBUG com.zaxxer.hikari.HikariConfig - exceptionOverrideClassName......none
2025-06-02 17:03:48 DEBUG com.zaxxer.hikari.HikariConfig - healthCheckProperties...........{}
2025-06-02 17:03:48 DEBUG com.zaxxer.hikari.HikariConfig - healthCheckRegistry.............none
2025-06-02 17:03:48 DEBUG com.zaxxer.hikari.HikariConfig - idleTimeout.....................600000
2025-06-02 17:03:48 DEBUG com.zaxxer.hikari.HikariConfig - initializationFailTimeout.......1
2025-06-02 17:03:48 DEBUG com.zaxxer.hikari.HikariConfig - isolateInternalQueries..........false
2025-06-02 17:03:48 DEBUG com.zaxxer.hikari.HikariConfig - jdbcUrl.........................jdbc:mysql://localhost:3306/springteacher7db?useUnicode=true&characterEncoding=utf-8&useSSL=true&serverTimezone=Europe/Athens
2025-06-02 17:03:48 DEBUG com.zaxxer.hikari.HikariConfig - keepaliveTime...................0
2025-06-02 17:03:48 DEBUG com.zaxxer.hikari.HikariConfig - leakDetectionThreshold..........0
2025-06-02 17:03:48 DEBUG com.zaxxer.hikari.HikariConfig - maxLifetime.....................1800000
2025-06-02 17:03:48 DEBUG com.zaxxer.hikari.HikariConfig - maximumPoolSize.................10
2025-06-02 17:03:48 DEBUG com.zaxxer.hikari.HikariConfig - metricRegistry..................none
2025-06-02 17:03:48 DEBUG com.zaxxer.hikari.HikariConfig - metricsTrackerFactory...........none
2025-06-02 17:03:48 DEBUG com.zaxxer.hikari.HikariConfig - minimumIdle.....................10
2025-06-02 17:03:48 DEBUG com.zaxxer.hikari.HikariConfig - password........................<masked>
2025-06-02 17:03:48 DEBUG com.zaxxer.hikari.HikariConfig - poolName........................"HikariPool-1"
2025-06-02 17:03:48 DEBUG com.zaxxer.hikari.HikariConfig - readOnly........................false
2025-06-02 17:03:48 DEBUG com.zaxxer.hikari.HikariConfig - registerMbeans..................false
2025-06-02 17:03:48 DEBUG com.zaxxer.hikari.HikariConfig - scheduledExecutor...............none
2025-06-02 17:03:48 DEBUG com.zaxxer.hikari.HikariConfig - schema..........................none
2025-06-02 17:03:48 DEBUG com.zaxxer.hikari.HikariConfig - threadFactory...................internal
2025-06-02 17:03:48 DEBUG com.zaxxer.hikari.HikariConfig - transactionIsolation............default
2025-06-02 17:03:48 DEBUG com.zaxxer.hikari.HikariConfig - username........................"springuser"
2025-06-02 17:03:48 DEBUG com.zaxxer.hikari.HikariConfig - validationTimeout...............5000
2025-06-02 17:03:48 INFO  com.zaxxer.hikari.HikariDataSource - HikariPool-1 - Starting...
2025-06-02 17:03:48 INFO  com.zaxxer.hikari.pool.HikariPool - HikariPool-1 - Added connection com.mysql.cj.jdbc.ConnectionImpl@3199a202
2025-06-02 17:03:48 INFO  com.zaxxer.hikari.HikariDataSource - HikariPool-1 - Start completed.
2025-06-02 17:03:48 DEBUG com.zaxxer.hikari.pool.HikariPool - HikariPool-1 - Pool stats (total=1, active=0, idle=1, waiting=0)
2025-06-02 17:03:48 DEBUG com.zaxxer.hikari.pool.HikariPool - HikariPool-1 - Added connection com.mysql.cj.jdbc.ConnectionImpl@80450cd
2025-06-02 17:03:48 DEBUG com.zaxxer.hikari.pool.HikariPool - HikariPool-1 - After adding stats (total=2, active=0, idle=2, waiting=0)
2025-06-02 17:03:48 DEBUG com.zaxxer.hikari.pool.HikariPool - HikariPool-1 - Added connection com.mysql.cj.jdbc.ConnectionImpl@682baf82
2025-06-02 17:03:48 DEBUG com.zaxxer.hikari.pool.HikariPool - HikariPool-1 - After adding stats (total=3, active=0, idle=3, waiting=0)
2025-06-02 17:03:48 DEBUG com.zaxxer.hikari.pool.HikariPool - HikariPool-1 - Added connection com.mysql.cj.jdbc.ConnectionImpl@3b79fe1
2025-06-02 17:03:48 DEBUG com.zaxxer.hikari.pool.HikariPool - HikariPool-1 - After adding stats (total=4, active=0, idle=4, waiting=0)
2025-06-02 17:03:48 DEBUG com.zaxxer.hikari.pool.HikariPool - HikariPool-1 - Added connection com.mysql.cj.jdbc.ConnectionImpl@6c65b308
2025-06-02 17:03:48 DEBUG com.zaxxer.hikari.pool.HikariPool - HikariPool-1 - After adding stats (total=5, active=0, idle=5, waiting=0)
2025-06-02 17:03:48 DEBUG com.zaxxer.hikari.pool.HikariPool - HikariPool-1 - Added connection com.mysql.cj.jdbc.ConnectionImpl@578c799d
2025-06-02 17:03:48 DEBUG com.zaxxer.hikari.pool.HikariPool - HikariPool-1 - After adding stats (total=6, active=0, idle=6, waiting=0)
2025-06-02 17:03:48 DEBUG com.zaxxer.hikari.pool.HikariPool - HikariPool-1 - Added connection com.mysql.cj.jdbc.ConnectionImpl@755484e7
2025-06-02 17:03:48 DEBUG com.zaxxer.hikari.pool.HikariPool - HikariPool-1 - After adding stats (total=7, active=0, idle=7, waiting=0)
2025-06-02 17:03:48 DEBUG com.zaxxer.hikari.pool.HikariPool - HikariPool-1 - Added connection com.mysql.cj.jdbc.ConnectionImpl@74b16c26
2025-06-02 17:03:48 DEBUG com.zaxxer.hikari.pool.HikariPool - HikariPool-1 - After adding stats (total=8, active=0, idle=8, waiting=0)
2025-06-02 17:03:48 DEBUG com.zaxxer.hikari.pool.HikariPool - HikariPool-1 - Added connection com.mysql.cj.jdbc.ConnectionImpl@556f25f7
2025-06-02 17:03:48 DEBUG com.zaxxer.hikari.pool.HikariPool - HikariPool-1 - After adding stats (total=9, active=0, idle=9, waiting=0)
2025-06-02 17:03:48 DEBUG com.zaxxer.hikari.pool.HikariPool - HikariPool-1 - Added connection com.mysql.cj.jdbc.ConnectionImpl@4741ed3a
2025-06-02 17:03:49 DEBUG com.zaxxer.hikari.pool.HikariPool - HikariPool-1 - After adding stats (total=10, active=0, idle=10, waiting=0)
2025-06-02 17:04:18 DEBUG com.zaxxer.hikari.pool.HikariPool - HikariPool-1 - Pool stats (total=10, active=0, idle=10, waiting=0)
2025-06-02 17:04:18 DEBUG com.zaxxer.hikari.pool.HikariPool - HikariPool-1 - Fill pool skipped, pool has sufficient level or currently being filled.
2025-06-02 17:04:45 DEBUG com.zaxxer.hikari.HikariConfig - Driver class com.mysql.cj.jdbc.Driver found in Thread context class loader jdk.internal.loader.ClassLoaders$AppClassLoader@73d16e93
2025-06-02 17:04:45 DEBUG com.zaxxer.hikari.HikariConfig - HikariPool-1 - configuration:
2025-06-02 17:04:45 DEBUG com.zaxxer.hikari.HikariConfig - allowPoolSuspension.............false
2025-06-02 17:04:45 DEBUG com.zaxxer.hikari.HikariConfig - autoCommit......................true
2025-06-02 17:04:45 DEBUG com.zaxxer.hikari.HikariConfig - catalog.........................none
2025-06-02 17:04:45 DEBUG com.zaxxer.hikari.HikariConfig - connectionInitSql...............none
2025-06-02 17:04:45 DEBUG com.zaxxer.hikari.HikariConfig - connectionTestQuery.............none
2025-06-02 17:04:45 DEBUG com.zaxxer.hikari.HikariConfig - connectionTimeout...............30000
2025-06-02 17:04:45 DEBUG com.zaxxer.hikari.HikariConfig - dataSource......................none
2025-06-02 17:04:45 DEBUG com.zaxxer.hikari.HikariConfig - dataSourceClassName.............none
2025-06-02 17:04:45 DEBUG com.zaxxer.hikari.HikariConfig - dataSourceJNDI..................none
2025-06-02 17:04:45 DEBUG com.zaxxer.hikari.HikariConfig - dataSourceProperties............{password=<masked>}
2025-06-02 17:04:45 DEBUG com.zaxxer.hikari.HikariConfig - driverClassName................."com.mysql.cj.jdbc.Driver"
2025-06-02 17:04:45 DEBUG com.zaxxer.hikari.HikariConfig - exceptionOverrideClassName......none
2025-06-02 17:04:45 DEBUG com.zaxxer.hikari.HikariConfig - healthCheckProperties...........{}
2025-06-02 17:04:45 DEBUG com.zaxxer.hikari.HikariConfig - healthCheckRegistry.............none
2025-06-02 17:04:45 DEBUG com.zaxxer.hikari.HikariConfig - idleTimeout.....................600000
2025-06-02 17:04:45 DEBUG com.zaxxer.hikari.HikariConfig - initializationFailTimeout.......1
2025-06-02 17:04:45 DEBUG com.zaxxer.hikari.HikariConfig - isolateInternalQueries..........false
2025-06-02 17:04:45 DEBUG com.zaxxer.hikari.HikariConfig - jdbcUrl.........................jdbc:mysql://localhost:3306/springteacher7db?useUnicode=true&characterEncoding=utf-8&useSSL=true&serverTimezone=Europe/Athens
2025-06-02 17:04:45 DEBUG com.zaxxer.hikari.HikariConfig - keepaliveTime...................0
2025-06-02 17:04:45 DEBUG com.zaxxer.hikari.HikariConfig - leakDetectionThreshold..........0
2025-06-02 17:04:45 DEBUG com.zaxxer.hikari.HikariConfig - maxLifetime.....................1800000
2025-06-02 17:04:45 DEBUG com.zaxxer.hikari.HikariConfig - maximumPoolSize.................10
2025-06-02 17:04:45 DEBUG com.zaxxer.hikari.HikariConfig - metricRegistry..................none
2025-06-02 17:04:45 DEBUG com.zaxxer.hikari.HikariConfig - metricsTrackerFactory...........none
2025-06-02 17:04:45 DEBUG com.zaxxer.hikari.HikariConfig - minimumIdle.....................10
2025-06-02 17:04:45 DEBUG com.zaxxer.hikari.HikariConfig - password........................<masked>
2025-06-02 17:04:45 DEBUG com.zaxxer.hikari.HikariConfig - poolName........................"HikariPool-1"
2025-06-02 17:04:45 DEBUG com.zaxxer.hikari.HikariConfig - readOnly........................false
2025-06-02 17:04:45 DEBUG com.zaxxer.hikari.HikariConfig - registerMbeans..................false
2025-06-02 17:04:45 DEBUG com.zaxxer.hikari.HikariConfig - scheduledExecutor...............none
2025-06-02 17:04:45 DEBUG com.zaxxer.hikari.HikariConfig - schema..........................none
2025-06-02 17:04:45 DEBUG com.zaxxer.hikari.HikariConfig - threadFactory...................internal
2025-06-02 17:04:45 DEBUG com.zaxxer.hikari.HikariConfig - transactionIsolation............default
2025-06-02 17:04:45 DEBUG com.zaxxer.hikari.HikariConfig - username........................"springuser"
2025-06-02 17:04:45 DEBUG com.zaxxer.hikari.HikariConfig - validationTimeout...............5000
2025-06-02 17:04:45 INFO  com.zaxxer.hikari.HikariDataSource - HikariPool-1 - Starting...
2025-06-02 17:04:45 INFO  com.zaxxer.hikari.pool.HikariPool - HikariPool-1 - Added connection com.mysql.cj.jdbc.ConnectionImpl@5960f17
2025-06-02 17:04:45 INFO  com.zaxxer.hikari.HikariDataSource - HikariPool-1 - Start completed.
2025-06-02 17:04:45 DEBUG com.zaxxer.hikari.pool.HikariPool - HikariPool-1 - Pool stats (total=1, active=0, idle=1, waiting=0)
2025-06-02 17:04:45 DEBUG com.zaxxer.hikari.pool.HikariPool - HikariPool-1 - Added connection com.mysql.cj.jdbc.ConnectionImpl@3597ff6
2025-06-02 17:04:45 DEBUG com.zaxxer.hikari.pool.HikariPool - HikariPool-1 - After adding stats (total=2, active=0, idle=2, waiting=0)
2025-06-02 17:04:46 DEBUG com.zaxxer.hikari.pool.HikariPool - HikariPool-1 - Added connection com.mysql.cj.jdbc.ConnectionImpl@637680b9
2025-06-02 17:04:46 DEBUG com.zaxxer.hikari.pool.HikariPool - HikariPool-1 - After adding stats (total=3, active=0, idle=3, waiting=0)
2025-06-02 17:04:46 DEBUG com.zaxxer.hikari.pool.HikariPool - HikariPool-1 - Added connection com.mysql.cj.jdbc.ConnectionImpl@5c8fb20a
2025-06-02 17:04:46 DEBUG com.zaxxer.hikari.pool.HikariPool - HikariPool-1 - After adding stats (total=4, active=0, idle=4, waiting=0)
2025-06-02 17:04:46 DEBUG com.zaxxer.hikari.pool.HikariPool - HikariPool-1 - Added connection com.mysql.cj.jdbc.ConnectionImpl@67381f7e
2025-06-02 17:04:46 DEBUG com.zaxxer.hikari.pool.HikariPool - HikariPool-1 - After adding stats (total=5, active=0, idle=5, waiting=0)
2025-06-02 17:04:46 DEBUG com.zaxxer.hikari.pool.HikariPool - HikariPool-1 - Added connection com.mysql.cj.jdbc.ConnectionImpl@6102ceb3
2025-06-02 17:04:46 DEBUG com.zaxxer.hikari.pool.HikariPool - HikariPool-1 - After adding stats (total=6, active=0, idle=6, waiting=0)
2025-06-02 17:04:46 DEBUG com.zaxxer.hikari.pool.HikariPool - HikariPool-1 - Added connection com.mysql.cj.jdbc.ConnectionImpl@17bfb2d7
2025-06-02 17:04:46 DEBUG com.zaxxer.hikari.pool.HikariPool - HikariPool-1 - After adding stats (total=7, active=0, idle=7, waiting=0)
2025-06-02 17:04:46 DEBUG com.zaxxer.hikari.pool.HikariPool - HikariPool-1 - Added connection com.mysql.cj.jdbc.ConnectionImpl@41f8ba1d
2025-06-02 17:04:46 DEBUG com.zaxxer.hikari.pool.HikariPool - HikariPool-1 - After adding stats (total=8, active=0, idle=8, waiting=0)
2025-06-02 17:04:46 DEBUG com.zaxxer.hikari.pool.HikariPool - HikariPool-1 - Added connection com.mysql.cj.jdbc.ConnectionImpl@474eed73
2025-06-02 17:04:46 DEBUG com.zaxxer.hikari.pool.HikariPool - HikariPool-1 - After adding stats (total=9, active=0, idle=9, waiting=0)
2025-06-02 17:04:46 DEBUG com.zaxxer.hikari.pool.HikariPool - HikariPool-1 - Added connection com.mysql.cj.jdbc.ConnectionImpl@31013d62
2025-06-02 17:04:46 DEBUG com.zaxxer.hikari.pool.HikariPool - HikariPool-1 - After adding stats (total=10, active=0, idle=10, waiting=0)
2025-06-02 17:05:15 DEBUG com.zaxxer.hikari.pool.HikariPool - HikariPool-1 - Pool stats (total=10, active=0, idle=10, waiting=0)
2025-06-02 17:05:15 DEBUG com.zaxxer.hikari.pool.HikariPool - HikariPool-1 - Fill pool skipped, pool has sufficient level or currently being filled.
2025-06-02 17:05:45 DEBUG com.zaxxer.hikari.pool.HikariPool - HikariPool-1 - Pool stats (total=10, active=0, idle=10, waiting=0)
2025-06-02 17:05:45 DEBUG com.zaxxer.hikari.pool.HikariPool - HikariPool-1 - Fill pool skipped, pool has sufficient level or currently being filled.
2025-06-02 17:06:31 DEBUG com.zaxxer.hikari.HikariConfig - Driver class com.mysql.cj.jdbc.Driver found in Thread context class loader jdk.internal.loader.ClassLoaders$AppClassLoader@73d16e93
2025-06-02 17:06:31 DEBUG com.zaxxer.hikari.HikariConfig - HikariPool-1 - configuration:
2025-06-02 17:06:31 DEBUG com.zaxxer.hikari.HikariConfig - allowPoolSuspension.............false
2025-06-02 17:06:31 DEBUG com.zaxxer.hikari.HikariConfig - autoCommit......................true
2025-06-02 17:06:31 DEBUG com.zaxxer.hikari.HikariConfig - catalog.........................none
2025-06-02 17:06:31 DEBUG com.zaxxer.hikari.HikariConfig - connectionInitSql...............none
2025-06-02 17:06:31 DEBUG com.zaxxer.hikari.HikariConfig - connectionTestQuery.............none
2025-06-02 17:06:31 DEBUG com.zaxxer.hikari.HikariConfig - connectionTimeout...............30000
2025-06-02 17:06:31 DEBUG com.zaxxer.hikari.HikariConfig - dataSource......................none
2025-06-02 17:06:31 DEBUG com.zaxxer.hikari.HikariConfig - dataSourceClassName.............none
2025-06-02 17:06:31 DEBUG com.zaxxer.hikari.HikariConfig - dataSourceJNDI..................none
2025-06-02 17:06:31 DEBUG com.zaxxer.hikari.HikariConfig - dataSourceProperties............{password=<masked>}
2025-06-02 17:06:31 DEBUG com.zaxxer.hikari.HikariConfig - driverClassName................."com.mysql.cj.jdbc.Driver"
2025-06-02 17:06:31 DEBUG com.zaxxer.hikari.HikariConfig - exceptionOverrideClassName......none
2025-06-02 17:06:31 DEBUG com.zaxxer.hikari.HikariConfig - healthCheckProperties...........{}
2025-06-02 17:06:31 DEBUG com.zaxxer.hikari.HikariConfig - healthCheckRegistry.............none
2025-06-02 17:06:31 DEBUG com.zaxxer.hikari.HikariConfig - idleTimeout.....................600000
2025-06-02 17:06:31 DEBUG com.zaxxer.hikari.HikariConfig - initializationFailTimeout.......1
2025-06-02 17:06:31 DEBUG com.zaxxer.hikari.HikariConfig - isolateInternalQueries..........false
2025-06-02 17:06:31 DEBUG com.zaxxer.hikari.HikariConfig - jdbcUrl.........................jdbc:mysql://localhost:3306/springteacher7db?useUnicode=true&characterEncoding=utf-8&useSSL=true&serverTimezone=Europe/Athens
2025-06-02 17:06:31 DEBUG com.zaxxer.hikari.HikariConfig - keepaliveTime...................0
2025-06-02 17:06:31 DEBUG com.zaxxer.hikari.HikariConfig - leakDetectionThreshold..........0
2025-06-02 17:06:31 DEBUG com.zaxxer.hikari.HikariConfig - maxLifetime.....................1800000
2025-06-02 17:06:31 DEBUG com.zaxxer.hikari.HikariConfig - maximumPoolSize.................10
2025-06-02 17:06:31 DEBUG com.zaxxer.hikari.HikariConfig - metricRegistry..................none
2025-06-02 17:06:31 DEBUG com.zaxxer.hikari.HikariConfig - metricsTrackerFactory...........none
2025-06-02 17:06:31 DEBUG com.zaxxer.hikari.HikariConfig - minimumIdle.....................10
2025-06-02 17:06:31 DEBUG com.zaxxer.hikari.HikariConfig - password........................<masked>
2025-06-02 17:06:31 DEBUG com.zaxxer.hikari.HikariConfig - poolName........................"HikariPool-1"
2025-06-02 17:06:31 DEBUG com.zaxxer.hikari.HikariConfig - readOnly........................false
2025-06-02 17:06:31 DEBUG com.zaxxer.hikari.HikariConfig - registerMbeans..................false
2025-06-02 17:06:31 DEBUG com.zaxxer.hikari.HikariConfig - scheduledExecutor...............none
2025-06-02 17:06:31 DEBUG com.zaxxer.hikari.HikariConfig - schema..........................none
2025-06-02 17:06:31 DEBUG com.zaxxer.hikari.HikariConfig - threadFactory...................internal
2025-06-02 17:06:31 DEBUG com.zaxxer.hikari.HikariConfig - transactionIsolation............default
2025-06-02 17:06:31 DEBUG com.zaxxer.hikari.HikariConfig - username........................"springuser"
2025-06-02 17:06:31 DEBUG com.zaxxer.hikari.HikariConfig - validationTimeout...............5000
2025-06-02 17:06:31 INFO  com.zaxxer.hikari.HikariDataSource - HikariPool-1 - Starting...
2025-06-02 17:06:31 INFO  com.zaxxer.hikari.pool.HikariPool - HikariPool-1 - Added connection com.mysql.cj.jdbc.ConnectionImpl@34bf66af
2025-06-02 17:06:31 INFO  com.zaxxer.hikari.HikariDataSource - HikariPool-1 - Start completed.
2025-06-02 17:06:31 DEBUG com.zaxxer.hikari.pool.HikariPool - HikariPool-1 - Pool stats (total=1, active=0, idle=1, waiting=0)
2025-06-02 17:06:31 DEBUG com.zaxxer.hikari.pool.HikariPool - HikariPool-1 - Added connection com.mysql.cj.jdbc.ConnectionImpl@4e114727
2025-06-02 17:06:31 DEBUG com.zaxxer.hikari.pool.HikariPool - HikariPool-1 - After adding stats (total=2, active=0, idle=2, waiting=0)
2025-06-02 17:06:31 DEBUG com.zaxxer.hikari.pool.HikariPool - HikariPool-1 - Added connection com.mysql.cj.jdbc.ConnectionImpl@2e3eb868
2025-06-02 17:06:31 DEBUG com.zaxxer.hikari.pool.HikariPool - HikariPool-1 - After adding stats (total=3, active=0, idle=3, waiting=0)
2025-06-02 17:06:31 DEBUG com.zaxxer.hikari.pool.HikariPool - HikariPool-1 - Added connection com.mysql.cj.jdbc.ConnectionImpl@cea0b08
2025-06-02 17:06:31 DEBUG com.zaxxer.hikari.pool.HikariPool - HikariPool-1 - After adding stats (total=4, active=0, idle=4, waiting=0)
2025-06-02 17:06:31 DEBUG com.zaxxer.hikari.pool.HikariPool - HikariPool-1 - Added connection com.mysql.cj.jdbc.ConnectionImpl@2a7062e7
2025-06-02 17:06:31 DEBUG com.zaxxer.hikari.pool.HikariPool - HikariPool-1 - After adding stats (total=5, active=0, idle=5, waiting=0)
2025-06-02 17:06:31 DEBUG com.zaxxer.hikari.pool.HikariPool - HikariPool-1 - Added connection com.mysql.cj.jdbc.ConnectionImpl@2c5e3309
2025-06-02 17:06:31 DEBUG com.zaxxer.hikari.pool.HikariPool - HikariPool-1 - After adding stats (total=6, active=0, idle=6, waiting=0)
2025-06-02 17:06:32 DEBUG com.zaxxer.hikari.pool.HikariPool - HikariPool-1 - Added connection com.mysql.cj.jdbc.ConnectionImpl@47ce8bb3
2025-06-02 17:06:32 DEBUG com.zaxxer.hikari.pool.HikariPool - HikariPool-1 - After adding stats (total=7, active=0, idle=7, waiting=0)
2025-06-02 17:06:32 DEBUG com.zaxxer.hikari.pool.HikariPool - HikariPool-1 - Added connection com.mysql.cj.jdbc.ConnectionImpl@6cb19ef5
2025-06-02 17:06:32 DEBUG com.zaxxer.hikari.pool.HikariPool - HikariPool-1 - After adding stats (total=8, active=0, idle=8, waiting=0)
2025-06-02 17:06:32 DEBUG com.zaxxer.hikari.pool.HikariPool - HikariPool-1 - Added connection com.mysql.cj.jdbc.ConnectionImpl@34240626
2025-06-02 17:06:32 DEBUG com.zaxxer.hikari.pool.HikariPool - HikariPool-1 - After adding stats (total=9, active=0, idle=9, waiting=0)
2025-06-02 17:06:32 DEBUG com.zaxxer.hikari.pool.HikariPool - HikariPool-1 - Added connection com.mysql.cj.jdbc.ConnectionImpl@34e5487e
2025-06-02 17:06:32 DEBUG com.zaxxer.hikari.pool.HikariPool - HikariPool-1 - After adding stats (total=10, active=0, idle=10, waiting=0)
2025-06-02 17:07:01 DEBUG com.zaxxer.hikari.pool.HikariPool - HikariPool-1 - Pool stats (total=10, active=0, idle=10, waiting=0)
2025-06-02 17:07:01 DEBUG com.zaxxer.hikari.pool.HikariPool - HikariPool-1 - Fill pool skipped, pool has sufficient level or currently being filled.
2025-06-02 17:07:31 DEBUG com.zaxxer.hikari.pool.HikariPool - HikariPool-1 - Pool stats (total=10, active=0, idle=10, waiting=0)
2025-06-02 17:07:31 DEBUG com.zaxxer.hikari.pool.HikariPool - HikariPool-1 - Fill pool skipped, pool has sufficient level or currently being filled.
2025-06-02 17:08:01 DEBUG com.zaxxer.hikari.pool.HikariPool - HikariPool-1 - Pool stats (total=10, active=0, idle=10, waiting=0)
2025-06-02 17:08:01 DEBUG com.zaxxer.hikari.pool.HikariPool - HikariPool-1 - Fill pool skipped, pool has sufficient level or currently being filled.
2025-06-02 17:08:31 DEBUG com.zaxxer.hikari.pool.HikariPool - HikariPool-1 - Pool stats (total=10, active=0, idle=10, waiting=0)
2025-06-02 17:08:31 DEBUG com.zaxxer.hikari.pool.HikariPool - HikariPool-1 - Fill pool skipped, pool has sufficient level or currently being filled.
2025-06-02 17:09:01 DEBUG com.zaxxer.hikari.pool.HikariPool - HikariPool-1 - Pool stats (total=10, active=0, idle=10, waiting=0)
2025-06-02 17:09:01 DEBUG com.zaxxer.hikari.pool.HikariPool - HikariPool-1 - Fill pool skipped, pool has sufficient level or currently being filled.
2025-06-02 17:09:31 DEBUG com.zaxxer.hikari.pool.HikariPool - HikariPool-1 - Pool stats (total=10, active=0, idle=10, waiting=0)
2025-06-02 17:09:31 DEBUG com.zaxxer.hikari.pool.HikariPool - HikariPool-1 - Fill pool skipped, pool has sufficient level or currently being filled.
2025-06-02 17:10:01 DEBUG com.zaxxer.hikari.pool.HikariPool - HikariPool-1 - Pool stats (total=10, active=0, idle=10, waiting=0)
2025-06-02 17:10:01 DEBUG com.zaxxer.hikari.pool.HikariPool - HikariPool-1 - Fill pool skipped, pool has sufficient level or currently being filled.
2025-06-02 17:10:31 DEBUG com.zaxxer.hikari.pool.HikariPool - HikariPool-1 - Pool stats (total=10, active=0, idle=10, waiting=0)
2025-06-02 17:10:31 DEBUG com.zaxxer.hikari.pool.HikariPool - HikariPool-1 - Fill pool skipped, pool has sufficient level or currently being filled.
2025-06-02 17:11:01 DEBUG com.zaxxer.hikari.pool.HikariPool - HikariPool-1 - Pool stats (total=10, active=0, idle=10, waiting=0)
2025-06-02 17:11:01 DEBUG com.zaxxer.hikari.pool.HikariPool - HikariPool-1 - Fill pool skipped, pool has sufficient level or currently being filled.
2025-06-02 17:11:31 DEBUG com.zaxxer.hikari.pool.HikariPool - HikariPool-1 - Pool stats (total=10, active=0, idle=10, waiting=0)
2025-06-02 17:11:31 DEBUG com.zaxxer.hikari.pool.HikariPool - HikariPool-1 - Fill pool skipped, pool has sufficient level or currently being filled.
2025-06-02 17:12:01 DEBUG com.zaxxer.hikari.pool.HikariPool - HikariPool-1 - Pool stats (total=10, active=0, idle=10, waiting=0)
2025-06-02 17:12:01 DEBUG com.zaxxer.hikari.pool.HikariPool - HikariPool-1 - Fill pool skipped, pool has sufficient level or currently being filled.
2025-06-02 17:12:31 DEBUG com.zaxxer.hikari.pool.HikariPool - HikariPool-1 - Pool stats (total=10, active=0, idle=10, waiting=0)
2025-06-02 17:12:31 DEBUG com.zaxxer.hikari.pool.HikariPool - HikariPool-1 - Fill pool skipped, pool has sufficient level or currently being filled.
2025-06-02 17:13:01 DEBUG com.zaxxer.hikari.pool.HikariPool - HikariPool-1 - Pool stats (total=10, active=0, idle=10, waiting=0)
2025-06-02 17:13:01 DEBUG com.zaxxer.hikari.pool.HikariPool - HikariPool-1 - Fill pool skipped, pool has sufficient level or currently being filled.
2025-06-02 17:13:31 DEBUG com.zaxxer.hikari.pool.HikariPool - HikariPool-1 - Pool stats (total=10, active=0, idle=10, waiting=0)
2025-06-02 17:13:31 DEBUG com.zaxxer.hikari.pool.HikariPool - HikariPool-1 - Fill pool skipped, pool has sufficient level or currently being filled.
2025-06-02 17:13:57 DEBUG com.zaxxer.hikari.HikariConfig - Driver class com.mysql.cj.jdbc.Driver found in Thread context class loader jdk.internal.loader.ClassLoaders$AppClassLoader@73d16e93
2025-06-02 17:13:57 DEBUG com.zaxxer.hikari.HikariConfig - HikariPool-1 - configuration:
2025-06-02 17:13:57 DEBUG com.zaxxer.hikari.HikariConfig - allowPoolSuspension.............false
2025-06-02 17:13:57 DEBUG com.zaxxer.hikari.HikariConfig - autoCommit......................true
2025-06-02 17:13:57 DEBUG com.zaxxer.hikari.HikariConfig - catalog.........................none
2025-06-02 17:13:57 DEBUG com.zaxxer.hikari.HikariConfig - connectionInitSql...............none
2025-06-02 17:13:57 DEBUG com.zaxxer.hikari.HikariConfig - connectionTestQuery.............none
2025-06-02 17:13:57 DEBUG com.zaxxer.hikari.HikariConfig - connectionTimeout...............30000
2025-06-02 17:13:57 DEBUG com.zaxxer.hikari.HikariConfig - dataSource......................none
2025-06-02 17:13:57 DEBUG com.zaxxer.hikari.HikariConfig - dataSourceClassName.............none
2025-06-02 17:13:57 DEBUG com.zaxxer.hikari.HikariConfig - dataSourceJNDI..................none
2025-06-02 17:13:57 DEBUG com.zaxxer.hikari.HikariConfig - dataSourceProperties............{password=<masked>}
2025-06-02 17:13:57 DEBUG com.zaxxer.hikari.HikariConfig - driverClassName................."com.mysql.cj.jdbc.Driver"
2025-06-02 17:13:57 DEBUG com.zaxxer.hikari.HikariConfig - exceptionOverrideClassName......none
2025-06-02 17:13:57 DEBUG com.zaxxer.hikari.HikariConfig - healthCheckProperties...........{}
2025-06-02 17:13:57 DEBUG com.zaxxer.hikari.HikariConfig - healthCheckRegistry.............none
2025-06-02 17:13:57 DEBUG com.zaxxer.hikari.HikariConfig - idleTimeout.....................600000
2025-06-02 17:13:57 DEBUG com.zaxxer.hikari.HikariConfig - initializationFailTimeout.......1
2025-06-02 17:13:57 DEBUG com.zaxxer.hikari.HikariConfig - isolateInternalQueries..........false
2025-06-02 17:13:57 DEBUG com.zaxxer.hikari.HikariConfig - jdbcUrl.........................jdbc:mysql://localhost:3306/springteacher7db?useUnicode=true&characterEncoding=utf-8&useSSL=true&serverTimezone=Europe/Athens
2025-06-02 17:13:57 DEBUG com.zaxxer.hikari.HikariConfig - keepaliveTime...................0
2025-06-02 17:13:57 DEBUG com.zaxxer.hikari.HikariConfig - leakDetectionThreshold..........0
2025-06-02 17:13:57 DEBUG com.zaxxer.hikari.HikariConfig - maxLifetime.....................1800000
2025-06-02 17:13:57 DEBUG com.zaxxer.hikari.HikariConfig - maximumPoolSize.................10
2025-06-02 17:13:57 DEBUG com.zaxxer.hikari.HikariConfig - metricRegistry..................none
2025-06-02 17:13:57 DEBUG com.zaxxer.hikari.HikariConfig - metricsTrackerFactory...........none
2025-06-02 17:13:57 DEBUG com.zaxxer.hikari.HikariConfig - minimumIdle.....................10
2025-06-02 17:13:57 DEBUG com.zaxxer.hikari.HikariConfig - password........................<masked>
2025-06-02 17:13:57 DEBUG com.zaxxer.hikari.HikariConfig - poolName........................"HikariPool-1"
2025-06-02 17:13:57 DEBUG com.zaxxer.hikari.HikariConfig - readOnly........................false
2025-06-02 17:13:57 DEBUG com.zaxxer.hikari.HikariConfig - registerMbeans..................false
2025-06-02 17:13:57 DEBUG com.zaxxer.hikari.HikariConfig - scheduledExecutor...............none
2025-06-02 17:13:57 DEBUG com.zaxxer.hikari.HikariConfig - schema..........................none
2025-06-02 17:13:57 DEBUG com.zaxxer.hikari.HikariConfig - threadFactory...................internal
2025-06-02 17:13:57 DEBUG com.zaxxer.hikari.HikariConfig - transactionIsolation............default
2025-06-02 17:13:57 DEBUG com.zaxxer.hikari.HikariConfig - username........................"springuser"
2025-06-02 17:13:57 DEBUG com.zaxxer.hikari.HikariConfig - validationTimeout...............5000
2025-06-02 17:13:57 INFO  com.zaxxer.hikari.HikariDataSource - HikariPool-1 - Starting...
2025-06-02 17:13:57 INFO  com.zaxxer.hikari.pool.HikariPool - HikariPool-1 - Added connection com.mysql.cj.jdbc.ConnectionImpl@93f15f6
2025-06-02 17:13:57 INFO  com.zaxxer.hikari.HikariDataSource - HikariPool-1 - Start completed.
2025-06-02 17:13:57 DEBUG com.zaxxer.hikari.pool.HikariPool - HikariPool-1 - Pool stats (total=1, active=0, idle=1, waiting=0)
2025-06-02 17:13:57 DEBUG com.zaxxer.hikari.pool.HikariPool - HikariPool-1 - Added connection com.mysql.cj.jdbc.ConnectionImpl@18ddd131
2025-06-02 17:13:57 DEBUG com.zaxxer.hikari.pool.HikariPool - HikariPool-1 - After adding stats (total=2, active=0, idle=2, waiting=0)
2025-06-02 17:13:57 DEBUG com.zaxxer.hikari.pool.HikariPool - HikariPool-1 - Added connection com.mysql.cj.jdbc.ConnectionImpl@78f22e7e
2025-06-02 17:13:57 DEBUG com.zaxxer.hikari.pool.HikariPool - HikariPool-1 - After adding stats (total=3, active=0, idle=3, waiting=0)
2025-06-02 17:13:57 DEBUG com.zaxxer.hikari.pool.HikariPool - HikariPool-1 - Added connection com.mysql.cj.jdbc.ConnectionImpl@1a9d7862
2025-06-02 17:13:57 DEBUG com.zaxxer.hikari.pool.HikariPool - HikariPool-1 - After adding stats (total=4, active=0, idle=4, waiting=0)
2025-06-02 17:13:57 DEBUG com.zaxxer.hikari.pool.HikariPool - HikariPool-1 - Added connection com.mysql.cj.jdbc.ConnectionImpl@7cbcb225
2025-06-02 17:13:57 DEBUG com.zaxxer.hikari.pool.HikariPool - HikariPool-1 - After adding stats (total=5, active=0, idle=5, waiting=0)
2025-06-02 17:13:57 DEBUG com.zaxxer.hikari.pool.HikariPool - HikariPool-1 - Added connection com.mysql.cj.jdbc.ConnectionImpl@a2d7101
2025-06-02 17:13:58 DEBUG com.zaxxer.hikari.pool.HikariPool - HikariPool-1 - After adding stats (total=6, active=0, idle=6, waiting=0)
2025-06-02 17:13:58 DEBUG com.zaxxer.hikari.pool.HikariPool - HikariPool-1 - Added connection com.mysql.cj.jdbc.ConnectionImpl@21066a55
2025-06-02 17:13:58 DEBUG com.zaxxer.hikari.pool.HikariPool - HikariPool-1 - After adding stats (total=7, active=0, idle=7, waiting=0)
2025-06-02 17:13:58 DEBUG com.zaxxer.hikari.pool.HikariPool - HikariPool-1 - Added connection com.mysql.cj.jdbc.ConnectionImpl@296a6a63
2025-06-02 17:13:58 DEBUG com.zaxxer.hikari.pool.HikariPool - HikariPool-1 - After adding stats (total=8, active=0, idle=8, waiting=0)
2025-06-02 17:13:58 DEBUG com.zaxxer.hikari.pool.HikariPool - HikariPool-1 - Added connection com.mysql.cj.jdbc.ConnectionImpl@1567b6eb
2025-06-02 17:13:58 DEBUG com.zaxxer.hikari.pool.HikariPool - HikariPool-1 - After adding stats (total=9, active=0, idle=9, waiting=0)
2025-06-02 17:13:58 DEBUG com.zaxxer.hikari.pool.HikariPool - HikariPool-1 - Added connection com.mysql.cj.jdbc.ConnectionImpl@524f6316
2025-06-02 17:13:58 DEBUG com.zaxxer.hikari.pool.HikariPool - HikariPool-1 - After adding stats (total=10, active=0, idle=10, waiting=0)
2025-06-02 17:14:27 DEBUG com.zaxxer.hikari.pool.HikariPool - HikariPool-1 - Pool stats (total=10, active=0, idle=10, waiting=0)
2025-06-02 17:14:27 DEBUG com.zaxxer.hikari.pool.HikariPool - HikariPool-1 - Fill pool skipped, pool has sufficient level or currently being filled.
2025-06-02 17:14:57 DEBUG com.zaxxer.hikari.pool.HikariPool - HikariPool-1 - Pool stats (total=10, active=0, idle=10, waiting=0)
2025-06-02 17:14:57 DEBUG com.zaxxer.hikari.pool.HikariPool - HikariPool-1 - Fill pool skipped, pool has sufficient level or currently being filled.
2025-06-02 17:15:27 DEBUG com.zaxxer.hikari.pool.HikariPool - HikariPool-1 - Pool stats (total=10, active=0, idle=10, waiting=0)
2025-06-02 17:15:27 DEBUG com.zaxxer.hikari.pool.HikariPool - HikariPool-1 - Fill pool skipped, pool has sufficient level or currently being filled.
2025-06-02 17:15:57 DEBUG com.zaxxer.hikari.pool.HikariPool - HikariPool-1 - Pool stats (total=10, active=0, idle=10, waiting=0)
2025-06-02 17:15:57 DEBUG com.zaxxer.hikari.pool.HikariPool - HikariPool-1 - Fill pool skipped, pool has sufficient level or currently being filled.
2025-06-02 17:16:27 DEBUG com.zaxxer.hikari.pool.HikariPool - HikariPool-1 - Pool stats (total=10, active=0, idle=10, waiting=0)
2025-06-02 17:16:27 DEBUG com.zaxxer.hikari.pool.HikariPool - HikariPool-1 - Fill pool skipped, pool has sufficient level or currently being filled.
2025-06-02 17:16:57 DEBUG com.zaxxer.hikari.pool.HikariPool - HikariPool-1 - Pool stats (total=10, active=0, idle=10, waiting=0)
2025-06-02 17:16:57 DEBUG com.zaxxer.hikari.pool.HikariPool - HikariPool-1 - Fill pool skipped, pool has sufficient level or currently being filled.
2025-06-02 17:17:27 DEBUG com.zaxxer.hikari.pool.HikariPool - HikariPool-1 - Pool stats (total=10, active=0, idle=10, waiting=0)
2025-06-02 17:17:27 DEBUG com.zaxxer.hikari.pool.HikariPool - HikariPool-1 - Fill pool skipped, pool has sufficient level or currently being filled.
2025-06-02 17:17:57 DEBUG com.zaxxer.hikari.pool.HikariPool - HikariPool-1 - Pool stats (total=10, active=0, idle=10, waiting=0)
2025-06-02 17:17:57 DEBUG com.zaxxer.hikari.pool.HikariPool - HikariPool-1 - Fill pool skipped, pool has sufficient level or currently being filled.
2025-06-02 17:18:27 DEBUG com.zaxxer.hikari.pool.HikariPool - HikariPool-1 - Pool stats (total=10, active=0, idle=10, waiting=0)
2025-06-02 17:18:27 DEBUG com.zaxxer.hikari.pool.HikariPool - HikariPool-1 - Fill pool skipped, pool has sufficient level or currently being filled.
2025-06-02 17:18:57 DEBUG com.zaxxer.hikari.pool.HikariPool - HikariPool-1 - Pool stats (total=10, active=0, idle=10, waiting=0)
2025-06-02 17:18:57 DEBUG com.zaxxer.hikari.pool.HikariPool - HikariPool-1 - Fill pool skipped, pool has sufficient level or currently being filled.
2025-06-02 17:19:27 DEBUG com.zaxxer.hikari.pool.HikariPool - HikariPool-1 - Pool stats (total=10, active=0, idle=10, waiting=0)
2025-06-02 17:19:27 DEBUG com.zaxxer.hikari.pool.HikariPool - HikariPool-1 - Fill pool skipped, pool has sufficient level or currently being filled.
2025-06-02 17:19:57 DEBUG com.zaxxer.hikari.pool.HikariPool - HikariPool-1 - Pool stats (total=10, active=0, idle=10, waiting=0)
2025-06-02 17:19:57 DEBUG com.zaxxer.hikari.pool.HikariPool - HikariPool-1 - Fill pool skipped, pool has sufficient level or currently being filled.
2025-06-02 17:20:27 DEBUG com.zaxxer.hikari.pool.HikariPool - HikariPool-1 - Pool stats (total=10, active=0, idle=10, waiting=0)
2025-06-02 17:20:27 DEBUG com.zaxxer.hikari.pool.HikariPool - HikariPool-1 - Fill pool skipped, pool has sufficient level or currently being filled.
2025-06-02 17:20:57 DEBUG com.zaxxer.hikari.pool.HikariPool - HikariPool-1 - Pool stats (total=10, active=0, idle=10, waiting=0)
2025-06-02 17:20:57 DEBUG com.zaxxer.hikari.pool.HikariPool - HikariPool-1 - Fill pool skipped, pool has sufficient level or currently being filled.
2025-06-02 17:21:27 DEBUG com.zaxxer.hikari.pool.HikariPool - HikariPool-1 - Pool stats (total=10, active=0, idle=10, waiting=0)
2025-06-02 17:21:27 DEBUG com.zaxxer.hikari.pool.HikariPool - HikariPool-1 - Fill pool skipped, pool has sufficient level or currently being filled.
2025-06-02 17:21:57 DEBUG com.zaxxer.hikari.pool.HikariPool - HikariPool-1 - Pool stats (total=10, active=0, idle=10, waiting=0)
2025-06-02 17:21:57 DEBUG com.zaxxer.hikari.pool.HikariPool - HikariPool-1 - Fill pool skipped, pool has sufficient level or currently being filled.
2025-06-02 17:22:27 DEBUG com.zaxxer.hikari.pool.HikariPool - HikariPool-1 - Pool stats (total=10, active=0, idle=10, waiting=0)
2025-06-02 17:22:27 DEBUG com.zaxxer.hikari.pool.HikariPool - HikariPool-1 - Fill pool skipped, pool has sufficient level or currently being filled.
2025-06-02 17:22:57 DEBUG com.zaxxer.hikari.pool.HikariPool - HikariPool-1 - Pool stats (total=10, active=0, idle=10, waiting=0)
2025-06-02 17:22:57 DEBUG com.zaxxer.hikari.pool.HikariPool - HikariPool-1 - Fill pool skipped, pool has sufficient level or currently being filled.
2025-06-02 17:23:27 DEBUG com.zaxxer.hikari.pool.HikariPool - HikariPool-1 - Pool stats (total=10, active=0, idle=10, waiting=0)
2025-06-02 17:23:27 DEBUG com.zaxxer.hikari.pool.HikariPool - HikariPool-1 - Fill pool skipped, pool has sufficient level or currently being filled.
