2025-11-11 15:35:45 DEBUG com.zaxxer.hikari.HikariConfig - Driver class com.mysql.cj.jdbc.Driver found in Thread context class loader jdk.internal.loader.ClassLoaders$AppClassLoader@73d16e93
2025-11-11 15:35:46 DEBUG com.zaxxer.hikari.HikariConfig - HikariPool-1 - configuration:
2025-11-11 15:35:46 DEBUG com.zaxxer.hikari.HikariConfig - allowPoolSuspension.............false
2025-11-11 15:35:46 DEBUG com.zaxxer.hikari.HikariConfig - autoCommit......................true
2025-11-11 15:35:46 DEBUG com.zaxxer.hikari.HikariConfig - catalog.........................none
2025-11-11 15:35:46 DEBUG com.zaxxer.hikari.HikariConfig - connectionInitSql...............none
2025-11-11 15:35:46 DEBUG com.zaxxer.hikari.HikariConfig - connectionTestQuery.............none
2025-11-11 15:35:46 DEBUG com.zaxxer.hikari.HikariConfig - connectionTimeout...............30000
2025-11-11 15:35:46 DEBUG com.zaxxer.hikari.HikariConfig - dataSource......................none
2025-11-11 15:35:46 DEBUG com.zaxxer.hikari.HikariConfig - dataSourceClassName.............none
2025-11-11 15:35:46 DEBUG com.zaxxer.hikari.HikariConfig - dataSourceJNDI..................none
2025-11-11 15:35:46 DEBUG com.zaxxer.hikari.HikariConfig - dataSourceProperties............{password=<masked>}
2025-11-11 15:35:46 DEBUG com.zaxxer.hikari.HikariConfig - driverClassName................."com.mysql.cj.jdbc.Driver"
2025-11-11 15:35:46 DEBUG com.zaxxer.hikari.HikariConfig - exceptionOverrideClassName......none
2025-11-11 15:35:46 DEBUG com.zaxxer.hikari.HikariConfig - healthCheckProperties...........{}
2025-11-11 15:35:46 DEBUG com.zaxxer.hikari.HikariConfig - healthCheckRegistry.............none
2025-11-11 15:35:46 DEBUG com.zaxxer.hikari.HikariConfig - idleTimeout.....................600000
2025-11-11 15:35:46 DEBUG com.zaxxer.hikari.HikariConfig - initializationFailTimeout.......1
2025-11-11 15:35:46 DEBUG com.zaxxer.hikari.HikariConfig - isolateInternalQueries..........false
2025-11-11 15:35:46 DEBUG com.zaxxer.hikari.HikariConfig - jdbcUrl.........................jdbc:mysql://localhost:3306/springteacher7db?useUnicode=true&characterEncoding=utf-8&useSSL=true&serverTimezone=Europe/Athens
2025-11-11 15:35:46 DEBUG com.zaxxer.hikari.HikariConfig - keepaliveTime...................0
2025-11-11 15:35:46 DEBUG com.zaxxer.hikari.HikariConfig - leakDetectionThreshold..........0
2025-11-11 15:35:46 DEBUG com.zaxxer.hikari.HikariConfig - maxLifetime.....................1800000
2025-11-11 15:35:46 DEBUG com.zaxxer.hikari.HikariConfig - maximumPoolSize.................10
2025-11-11 15:35:46 DEBUG com.zaxxer.hikari.HikariConfig - metricRegistry..................none
2025-11-11 15:35:46 DEBUG com.zaxxer.hikari.HikariConfig - metricsTrackerFactory...........none
2025-11-11 15:35:46 DEBUG com.zaxxer.hikari.HikariConfig - minimumIdle.....................10
2025-11-11 15:35:46 DEBUG com.zaxxer.hikari.HikariConfig - password........................<masked>
2025-11-11 15:35:46 DEBUG com.zaxxer.hikari.HikariConfig - poolName........................"HikariPool-1"
2025-11-11 15:35:46 DEBUG com.zaxxer.hikari.HikariConfig - readOnly........................false
2025-11-11 15:35:46 DEBUG com.zaxxer.hikari.HikariConfig - registerMbeans..................false
2025-11-11 15:35:46 DEBUG com.zaxxer.hikari.HikariConfig - scheduledExecutor...............none
2025-11-11 15:35:46 DEBUG com.zaxxer.hikari.HikariConfig - schema..........................none
2025-11-11 15:35:46 DEBUG com.zaxxer.hikari.HikariConfig - threadFactory...................internal
2025-11-11 15:35:46 DEBUG com.zaxxer.hikari.HikariConfig - transactionIsolation............default
2025-11-11 15:35:46 DEBUG com.zaxxer.hikari.HikariConfig - username........................"springuser"
2025-11-11 15:35:46 DEBUG com.zaxxer.hikari.HikariConfig - validationTimeout...............5000
2025-11-11 15:35:46 INFO  com.zaxxer.hikari.HikariDataSource - HikariPool-1 - Starting...
2025-11-11 15:35:46 DEBUG com.zaxxer.hikari.pool.PoolBase - HikariPool-1 - Failed to create/setup connection: Communications link failure

The last packet sent successfully to the server was 0 milliseconds ago. The driver has not received any packets from the server.
2025-11-11 15:35:46 DEBUG com.zaxxer.hikari.pool.HikariPool - HikariPool-1 - Cannot acquire connection from data source
com.mysql.cj.jdbc.exceptions.CommunicationsException: Communications link failure

The last packet sent successfully to the server was 0 milliseconds ago. The driver has not received any packets from the server.
	at com.mysql.cj.jdbc.exceptions.SQLError.createCommunicationsException(SQLError.java:165)
	at com.mysql.cj.jdbc.exceptions.SQLExceptionsMapping.translateException(SQLExceptionsMapping.java:55)
	at com.mysql.cj.jdbc.ConnectionImpl.createNewIO(ConnectionImpl.java:837)
	at com.mysql.cj.jdbc.ConnectionImpl.<init>(ConnectionImpl.java:420)
	at com.mysql.cj.jdbc.ConnectionImpl.getInstance(ConnectionImpl.java:238)
	at com.mysql.cj.jdbc.NonRegisteringDriver.connect(NonRegisteringDriver.java:180)
	at com.zaxxer.hikari.util.DriverDataSource.getConnection(DriverDataSource.java:137)
	at com.zaxxer.hikari.pool.PoolBase.newConnection(PoolBase.java:360)
	at com.zaxxer.hikari.pool.PoolBase.newPoolEntry(PoolBase.java:202)
	at com.zaxxer.hikari.pool.HikariPool.createPoolEntry(HikariPool.java:461)
	at com.zaxxer.hikari.pool.HikariPool.checkFailFast(HikariPool.java:550)
	at com.zaxxer.hikari.pool.HikariPool.<init>(HikariPool.java:98)
	at com.zaxxer.hikari.HikariDataSource.getConnection(HikariDataSource.java:111)
	at org.hibernate.engine.jdbc.connections.internal.DatasourceConnectionProviderImpl.getConnection(DatasourceConnectionProviderImpl.java:126)
	at org.hibernate.engine.jdbc.env.internal.JdbcEnvironmentInitiator$ConnectionProviderJdbcConnectionAccess.obtainConnection(JdbcEnvironmentInitiator.java:483)
	at org.hibernate.resource.transaction.backend.jdbc.internal.JdbcIsolationDelegate.delegateWork(JdbcIsolationDelegate.java:61)
	at org.hibernate.engine.jdbc.env.internal.JdbcEnvironmentInitiator.getJdbcEnvironmentUsingJdbcMetadata(JdbcEnvironmentInitiator.java:336)
	at org.hibernate.engine.jdbc.env.internal.JdbcEnvironmentInitiator.initiateService(JdbcEnvironmentInitiator.java:129)
	at org.hibernate.engine.jdbc.env.internal.JdbcEnvironmentInitiator.initiateService(JdbcEnvironmentInitiator.java:81)
	at org.hibernate.boot.registry.internal.StandardServiceRegistryImpl.initiateService(StandardServiceRegistryImpl.java:130)
	at org.hibernate.service.internal.AbstractServiceRegistryImpl.createService(AbstractServiceRegistryImpl.java:263)
	at org.hibernate.service.internal.AbstractServiceRegistryImpl.initializeService(AbstractServiceRegistryImpl.java:238)
	at org.hibernate.service.internal.AbstractServiceRegistryImpl.getService(AbstractServiceRegistryImpl.java:215)
	at org.hibernate.boot.model.relational.Database.<init>(Database.java:45)
	at org.hibernate.boot.internal.InFlightMetadataCollectorImpl.getDatabase(InFlightMetadataCollectorImpl.java:226)
	at org.hibernate.boot.internal.InFlightMetadataCollectorImpl.<init>(InFlightMetadataCollectorImpl.java:194)
	at org.hibernate.boot.model.process.spi.MetadataBuildingProcess.complete(MetadataBuildingProcess.java:171)
	at org.hibernate.jpa.boot.internal.EntityManagerFactoryBuilderImpl.metadata(EntityManagerFactoryBuilderImpl.java:1442)
	at org.hibernate.jpa.boot.internal.EntityManagerFactoryBuilderImpl.build(EntityManagerFactoryBuilderImpl.java:1513)
	at org.springframework.orm.jpa.vendor.SpringHibernateJpaPersistenceProvider.createContainerEntityManagerFactory(SpringHibernateJpaPersistenceProvider.java:66)
	at org.springframework.orm.jpa.LocalContainerEntityManagerFactoryBean.createNativeEntityManagerFactory(LocalContainerEntityManagerFactoryBean.java:390)
	at org.springframework.orm.jpa.AbstractEntityManagerFactoryBean.buildNativeEntityManagerFactory(AbstractEntityManagerFactoryBean.java:419)
	at org.springframework.orm.jpa.AbstractEntityManagerFactoryBean.afterPropertiesSet(AbstractEntityManagerFactoryBean.java:400)
	at org.springframework.orm.jpa.LocalContainerEntityManagerFactoryBean.afterPropertiesSet(LocalContainerEntityManagerFactoryBean.java:366)
	at org.springframework.beans.factory.support.AbstractAutowireCapableBeanFactory.invokeInitMethods(AbstractAutowireCapableBeanFactory.java:1873)
	at org.springframework.beans.factory.support.AbstractAutowireCapableBeanFactory.initializeBean(AbstractAutowireCapableBeanFactory.java:1822)
	at org.springframework.beans.factory.support.AbstractAutowireCapableBeanFactory.doCreateBean(AbstractAutowireCapableBeanFactory.java:607)
	at org.springframework.beans.factory.support.AbstractAutowireCapableBeanFactory.createBean(AbstractAutowireCapableBeanFactory.java:529)
	at org.springframework.beans.factory.support.AbstractBeanFactory.lambda$doGetBean$0(AbstractBeanFactory.java:339)
	at org.springframework.beans.factory.support.DefaultSingletonBeanRegistry.getSingleton(DefaultSingletonBeanRegistry.java:373)
	at org.springframework.beans.factory.support.AbstractBeanFactory.doGetBean(AbstractBeanFactory.java:337)
	at org.springframework.beans.factory.support.AbstractBeanFactory.getBean(AbstractBeanFactory.java:207)
	at org.springframework.context.support.AbstractApplicationContext.finishBeanFactoryInitialization(AbstractApplicationContext.java:970)
	at org.springframework.context.support.AbstractApplicationContext.refresh(AbstractApplicationContext.java:627)
	at org.springframework.boot.web.servlet.context.ServletWebServerApplicationContext.refresh(ServletWebServerApplicationContext.java:146)
	at org.springframework.boot.SpringApplication.refresh(SpringApplication.java:753)
	at org.springframework.boot.SpringApplication.refreshContext(SpringApplication.java:439)
	at org.springframework.boot.SpringApplication.run(SpringApplication.java:318)
	at org.springframework.boot.SpringApplication.run(SpringApplication.java:1362)
	at org.springframework.boot.SpringApplication.run(SpringApplication.java:1351)
	at gr.aueb.cf.teacherapp.TeacherApplication.main(TeacherApplication.java:15)
Caused by: com.mysql.cj.exceptions.CJCommunicationsException: Communications link failure

The last packet sent successfully to the server was 0 milliseconds ago. The driver has not received any packets from the server.
	at java.base/jdk.internal.reflect.NativeConstructorAccessorImpl.newInstance0(Native Method)
	at java.base/jdk.internal.reflect.NativeConstructorAccessorImpl.newInstance(NativeConstructorAccessorImpl.java:77)
	at java.base/jdk.internal.reflect.DelegatingConstructorAccessorImpl.newInstance(DelegatingConstructorAccessorImpl.java:45)
	at java.base/java.lang.reflect.Constructor.newInstanceWithCaller(Constructor.java:500)
	at java.base/java.lang.reflect.Constructor.newInstance(Constructor.java:481)
	at com.mysql.cj.exceptions.ExceptionFactory.createException(ExceptionFactory.java:52)
	at com.mysql.cj.exceptions.ExceptionFactory.createException(ExceptionFactory.java:95)
	at com.mysql.cj.exceptions.ExceptionFactory.createException(ExceptionFactory.java:140)
	at com.mysql.cj.exceptions.ExceptionFactory.createCommunicationsException(ExceptionFactory.java:156)
	at com.mysql.cj.protocol.a.NativeSocketConnection.connect(NativeSocketConnection.java:79)
	at com.mysql.cj.NativeSession.connect(NativeSession.java:142)
	at com.mysql.cj.jdbc.ConnectionImpl.connectOneTryOnly(ConnectionImpl.java:961)
	at com.mysql.cj.jdbc.ConnectionImpl.createNewIO(ConnectionImpl.java:825)
	... 48 common frames omitted
Caused by: java.net.ConnectException: Connection refused: getsockopt
	at java.base/sun.nio.ch.Net.pollConnect(Native Method)
	at java.base/sun.nio.ch.Net.pollConnectNow(Net.java:672)
	at java.base/sun.nio.ch.NioSocketImpl.timedFinishConnect(NioSocketImpl.java:547)
	at java.base/sun.nio.ch.NioSocketImpl.connect(NioSocketImpl.java:602)
	at java.base/java.net.SocksSocketImpl.connect(SocksSocketImpl.java:327)
	at java.base/java.net.Socket.connect(Socket.java:633)
	at com.mysql.cj.protocol.StandardSocketFactory.connect(StandardSocketFactory.java:144)
	at com.mysql.cj.protocol.a.NativeSocketConnection.connect(NativeSocketConnection.java:53)
	... 51 common frames omitted
2025-11-11 15:35:48 DEBUG com.zaxxer.hikari.HikariConfig - HikariPool-1 - configuration:
2025-11-11 15:35:48 DEBUG com.zaxxer.hikari.HikariConfig - allowPoolSuspension.............false
2025-11-11 15:35:48 DEBUG com.zaxxer.hikari.HikariConfig - autoCommit......................true
2025-11-11 15:35:48 DEBUG com.zaxxer.hikari.HikariConfig - catalog.........................none
2025-11-11 15:35:48 DEBUG com.zaxxer.hikari.HikariConfig - connectionInitSql...............none
2025-11-11 15:35:48 DEBUG com.zaxxer.hikari.HikariConfig - connectionTestQuery.............none
2025-11-11 15:35:48 DEBUG com.zaxxer.hikari.HikariConfig - connectionTimeout...............30000
2025-11-11 15:35:48 DEBUG com.zaxxer.hikari.HikariConfig - dataSource......................none
2025-11-11 15:35:48 DEBUG com.zaxxer.hikari.HikariConfig - dataSourceClassName.............none
2025-11-11 15:35:48 DEBUG com.zaxxer.hikari.HikariConfig - dataSourceJNDI..................none
2025-11-11 15:35:48 DEBUG com.zaxxer.hikari.HikariConfig - dataSourceProperties............{password=<masked>}
2025-11-11 15:35:48 DEBUG com.zaxxer.hikari.HikariConfig - driverClassName................."com.mysql.cj.jdbc.Driver"
2025-11-11 15:35:48 DEBUG com.zaxxer.hikari.HikariConfig - exceptionOverrideClassName......none
2025-11-11 15:35:48 DEBUG com.zaxxer.hikari.HikariConfig - healthCheckProperties...........{}
2025-11-11 15:35:48 DEBUG com.zaxxer.hikari.HikariConfig - healthCheckRegistry.............none
2025-11-11 15:35:48 DEBUG com.zaxxer.hikari.HikariConfig - idleTimeout.....................600000
2025-11-11 15:35:48 DEBUG com.zaxxer.hikari.HikariConfig - initializationFailTimeout.......1
2025-11-11 15:35:48 DEBUG com.zaxxer.hikari.HikariConfig - isolateInternalQueries..........false
2025-11-11 15:35:48 DEBUG com.zaxxer.hikari.HikariConfig - jdbcUrl.........................jdbc:mysql://localhost:3306/springteacher7db?useUnicode=true&characterEncoding=utf-8&useSSL=true&serverTimezone=Europe/Athens
2025-11-11 15:35:48 DEBUG com.zaxxer.hikari.HikariConfig - keepaliveTime...................0
2025-11-11 15:35:48 DEBUG com.zaxxer.hikari.HikariConfig - leakDetectionThreshold..........0
2025-11-11 15:35:48 DEBUG com.zaxxer.hikari.HikariConfig - maxLifetime.....................1800000
2025-11-11 15:35:48 DEBUG com.zaxxer.hikari.HikariConfig - maximumPoolSize.................10
2025-11-11 15:35:48 DEBUG com.zaxxer.hikari.HikariConfig - metricRegistry..................none
2025-11-11 15:35:48 DEBUG com.zaxxer.hikari.HikariConfig - metricsTrackerFactory...........none
2025-11-11 15:35:48 DEBUG com.zaxxer.hikari.HikariConfig - minimumIdle.....................10
2025-11-11 15:35:48 DEBUG com.zaxxer.hikari.HikariConfig - password........................<masked>
2025-11-11 15:35:48 DEBUG com.zaxxer.hikari.HikariConfig - poolName........................"HikariPool-1"
2025-11-11 15:35:48 DEBUG com.zaxxer.hikari.HikariConfig - readOnly........................false
2025-11-11 15:35:48 DEBUG com.zaxxer.hikari.HikariConfig - registerMbeans..................false
2025-11-11 15:35:48 DEBUG com.zaxxer.hikari.HikariConfig - scheduledExecutor...............none
2025-11-11 15:35:48 DEBUG com.zaxxer.hikari.HikariConfig - schema..........................none
2025-11-11 15:35:48 DEBUG com.zaxxer.hikari.HikariConfig - threadFactory...................internal
2025-11-11 15:35:48 DEBUG com.zaxxer.hikari.HikariConfig - transactionIsolation............default
2025-11-11 15:35:48 DEBUG com.zaxxer.hikari.HikariConfig - username........................"springuser"
2025-11-11 15:35:48 DEBUG com.zaxxer.hikari.HikariConfig - validationTimeout...............5000
2025-11-11 15:35:48 INFO  com.zaxxer.hikari.HikariDataSource - HikariPool-1 - Starting...
2025-11-11 15:35:48 DEBUG com.zaxxer.hikari.pool.PoolBase - HikariPool-1 - Failed to create/setup connection: Communications link failure

The last packet sent successfully to the server was 0 milliseconds ago. The driver has not received any packets from the server.
2025-11-11 15:35:48 DEBUG com.zaxxer.hikari.pool.HikariPool - HikariPool-1 - Cannot acquire connection from data source
com.mysql.cj.jdbc.exceptions.CommunicationsException: Communications link failure

The last packet sent successfully to the server was 0 milliseconds ago. The driver has not received any packets from the server.
	at com.mysql.cj.jdbc.exceptions.SQLError.createCommunicationsException(SQLError.java:165)
	at com.mysql.cj.jdbc.exceptions.SQLExceptionsMapping.translateException(SQLExceptionsMapping.java:55)
	at com.mysql.cj.jdbc.ConnectionImpl.createNewIO(ConnectionImpl.java:837)
	at com.mysql.cj.jdbc.ConnectionImpl.<init>(ConnectionImpl.java:420)
	at com.mysql.cj.jdbc.ConnectionImpl.getInstance(ConnectionImpl.java:238)
	at com.mysql.cj.jdbc.NonRegisteringDriver.connect(NonRegisteringDriver.java:180)
	at com.zaxxer.hikari.util.DriverDataSource.getConnection(DriverDataSource.java:137)
	at com.zaxxer.hikari.pool.PoolBase.newConnection(PoolBase.java:360)
	at com.zaxxer.hikari.pool.PoolBase.newPoolEntry(PoolBase.java:202)
	at com.zaxxer.hikari.pool.HikariPool.createPoolEntry(HikariPool.java:461)
	at com.zaxxer.hikari.pool.HikariPool.checkFailFast(HikariPool.java:550)
	at com.zaxxer.hikari.pool.HikariPool.<init>(HikariPool.java:98)
	at com.zaxxer.hikari.HikariDataSource.getConnection(HikariDataSource.java:111)
	at org.hibernate.engine.jdbc.connections.internal.DatasourceConnectionProviderImpl.getConnection(DatasourceConnectionProviderImpl.java:126)
	at org.hibernate.engine.jdbc.env.internal.JdbcEnvironmentInitiator$ConnectionProviderJdbcConnectionAccess.obtainConnection(JdbcEnvironmentInitiator.java:483)
	at org.hibernate.resource.transaction.backend.jdbc.internal.DdlTransactionIsolatorNonJtaImpl.getIsolatedConnection(DdlTransactionIsolatorNonJtaImpl.java:46)
	at org.hibernate.resource.transaction.backend.jdbc.internal.DdlTransactionIsolatorNonJtaImpl.getIsolatedConnection(DdlTransactionIsolatorNonJtaImpl.java:39)
	at org.hibernate.tool.schema.internal.exec.ImprovedExtractionContextImpl.getJdbcConnection(ImprovedExtractionContextImpl.java:63)
	at org.hibernate.tool.schema.internal.exec.ImprovedExtractionContextImpl.getJdbcDatabaseMetaData(ImprovedExtractionContextImpl.java:70)
	at org.hibernate.tool.schema.extract.internal.InformationExtractorJdbcDatabaseMetaDataImpl.processTableResultSet(InformationExtractorJdbcDatabaseMetaDataImpl.java:65)
	at org.hibernate.tool.schema.extract.internal.AbstractInformationExtractorImpl.getTables(AbstractInformationExtractorImpl.java:570)
	at org.hibernate.tool.schema.extract.internal.DatabaseInformationImpl.getTablesInformation(DatabaseInformationImpl.java:122)
	at org.hibernate.tool.schema.internal.GroupedSchemaMigratorImpl.performTablesMigration(GroupedSchemaMigratorImpl.java:72)
	at org.hibernate.tool.schema.internal.AbstractSchemaMigrator.performMigration(AbstractSchemaMigrator.java:233)
	at org.hibernate.tool.schema.internal.AbstractSchemaMigrator.doMigration(AbstractSchemaMigrator.java:112)
	at org.hibernate.tool.schema.spi.SchemaManagementToolCoordinator.performDatabaseAction(SchemaManagementToolCoordinator.java:280)
	at org.hibernate.tool.schema.spi.SchemaManagementToolCoordinator.lambda$process$5(SchemaManagementToolCoordinator.java:144)
	at java.base/java.util.HashMap.forEach(HashMap.java:1421)
	at org.hibernate.tool.schema.spi.SchemaManagementToolCoordinator.process(SchemaManagementToolCoordinator.java:141)
	at org.hibernate.boot.internal.SessionFactoryObserverForSchemaExport.sessionFactoryCreated(SessionFactoryObserverForSchemaExport.java:37)
	at org.hibernate.internal.SessionFactoryObserverChain.sessionFactoryCreated(SessionFactoryObserverChain.java:35)
	at org.hibernate.internal.SessionFactoryImpl.<init>(SessionFactoryImpl.java:324)
	at org.hibernate.boot.internal.SessionFactoryBuilderImpl.build(SessionFactoryBuilderImpl.java:463)
	at org.hibernate.jpa.boot.internal.EntityManagerFactoryBuilderImpl.build(EntityManagerFactoryBuilderImpl.java:1517)
	at org.springframework.orm.jpa.vendor.SpringHibernateJpaPersistenceProvider.createContainerEntityManagerFactory(SpringHibernateJpaPersistenceProvider.java:66)
	at org.springframework.orm.jpa.LocalContainerEntityManagerFactoryBean.createNativeEntityManagerFactory(LocalContainerEntityManagerFactoryBean.java:390)
	at org.springframework.orm.jpa.AbstractEntityManagerFactoryBean.buildNativeEntityManagerFactory(AbstractEntityManagerFactoryBean.java:419)
	at org.springframework.orm.jpa.AbstractEntityManagerFactoryBean.afterPropertiesSet(AbstractEntityManagerFactoryBean.java:400)
	at org.springframework.orm.jpa.LocalContainerEntityManagerFactoryBean.afterPropertiesSet(LocalContainerEntityManagerFactoryBean.java:366)
	at org.springframework.beans.factory.support.AbstractAutowireCapableBeanFactory.invokeInitMethods(AbstractAutowireCapableBeanFactory.java:1873)
	at org.springframework.beans.factory.support.AbstractAutowireCapableBeanFactory.initializeBean(AbstractAutowireCapableBeanFactory.java:1822)
	at org.springframework.beans.factory.support.AbstractAutowireCapableBeanFactory.doCreateBean(AbstractAutowireCapableBeanFactory.java:607)
	at org.springframework.beans.factory.support.AbstractAutowireCapableBeanFactory.createBean(AbstractAutowireCapableBeanFactory.java:529)
	at org.springframework.beans.factory.support.AbstractBeanFactory.lambda$doGetBean$0(AbstractBeanFactory.java:339)
	at org.springframework.beans.factory.support.DefaultSingletonBeanRegistry.getSingleton(DefaultSingletonBeanRegistry.java:373)
	at org.springframework.beans.factory.support.AbstractBeanFactory.doGetBean(AbstractBeanFactory.java:337)
	at org.springframework.beans.factory.support.AbstractBeanFactory.getBean(AbstractBeanFactory.java:207)
	at org.springframework.context.support.AbstractApplicationContext.finishBeanFactoryInitialization(AbstractApplicationContext.java:970)
	at org.springframework.context.support.AbstractApplicationContext.refresh(AbstractApplicationContext.java:627)
	at org.springframework.boot.web.servlet.context.ServletWebServerApplicationContext.refresh(ServletWebServerApplicationContext.java:146)
	at org.springframework.boot.SpringApplication.refresh(SpringApplication.java:753)
	at org.springframework.boot.SpringApplication.refreshContext(SpringApplication.java:439)
	at org.springframework.boot.SpringApplication.run(SpringApplication.java:318)
	at org.springframework.boot.SpringApplication.run(SpringApplication.java:1362)
	at org.springframework.boot.SpringApplication.run(SpringApplication.java:1351)
	at gr.aueb.cf.teacherapp.TeacherApplication.main(TeacherApplication.java:15)
Caused by: com.mysql.cj.exceptions.CJCommunicationsException: Communications link failure

The last packet sent successfully to the server was 0 milliseconds ago. The driver has not received any packets from the server.
	at java.base/jdk.internal.reflect.NativeConstructorAccessorImpl.newInstance0(Native Method)
	at java.base/jdk.internal.reflect.NativeConstructorAccessorImpl.newInstance(NativeConstructorAccessorImpl.java:77)
	at java.base/jdk.internal.reflect.DelegatingConstructorAccessorImpl.newInstance(DelegatingConstructorAccessorImpl.java:45)
	at java.base/java.lang.reflect.Constructor.newInstanceWithCaller(Constructor.java:500)
	at java.base/java.lang.reflect.Constructor.newInstance(Constructor.java:481)
	at com.mysql.cj.exceptions.ExceptionFactory.createException(ExceptionFactory.java:52)
	at com.mysql.cj.exceptions.ExceptionFactory.createException(ExceptionFactory.java:95)
	at com.mysql.cj.exceptions.ExceptionFactory.createException(ExceptionFactory.java:140)
	at com.mysql.cj.exceptions.ExceptionFactory.createCommunicationsException(ExceptionFactory.java:156)
	at com.mysql.cj.protocol.a.NativeSocketConnection.connect(NativeSocketConnection.java:79)
	at com.mysql.cj.NativeSession.connect(NativeSession.java:142)
	at com.mysql.cj.jdbc.ConnectionImpl.connectOneTryOnly(ConnectionImpl.java:961)
	at com.mysql.cj.jdbc.ConnectionImpl.createNewIO(ConnectionImpl.java:825)
	... 53 common frames omitted
Caused by: java.net.ConnectException: Connection refused: getsockopt
	at java.base/sun.nio.ch.Net.pollConnect(Native Method)
	at java.base/sun.nio.ch.Net.pollConnectNow(Net.java:672)
	at java.base/sun.nio.ch.NioSocketImpl.timedFinishConnect(NioSocketImpl.java:547)
	at java.base/sun.nio.ch.NioSocketImpl.connect(NioSocketImpl.java:602)
	at java.base/java.net.SocksSocketImpl.connect(SocksSocketImpl.java:327)
	at java.base/java.net.Socket.connect(Socket.java:633)
	at com.mysql.cj.protocol.StandardSocketFactory.connect(StandardSocketFactory.java:144)
	at com.mysql.cj.protocol.a.NativeSocketConnection.connect(NativeSocketConnection.java:53)
	... 56 common frames omitted
2025-11-11 15:37:19 DEBUG com.zaxxer.hikari.HikariConfig - Driver class com.mysql.cj.jdbc.Driver found in Thread context class loader jdk.internal.loader.ClassLoaders$AppClassLoader@659e0bfd
2025-11-11 15:37:19 DEBUG com.zaxxer.hikari.HikariConfig - HikariPool-1 - configuration:
2025-11-11 15:37:19 DEBUG com.zaxxer.hikari.HikariConfig - allowPoolSuspension.............false
2025-11-11 15:37:19 DEBUG com.zaxxer.hikari.HikariConfig - autoCommit......................true
2025-11-11 15:37:19 DEBUG com.zaxxer.hikari.HikariConfig - catalog.........................none
2025-11-11 15:37:19 DEBUG com.zaxxer.hikari.HikariConfig - connectionInitSql...............none
2025-11-11 15:37:19 DEBUG com.zaxxer.hikari.HikariConfig - connectionTestQuery.............none
2025-11-11 15:37:19 DEBUG com.zaxxer.hikari.HikariConfig - connectionTimeout...............30000
2025-11-11 15:37:19 DEBUG com.zaxxer.hikari.HikariConfig - dataSource......................none
2025-11-11 15:37:19 DEBUG com.zaxxer.hikari.HikariConfig - dataSourceClassName.............none
2025-11-11 15:37:19 DEBUG com.zaxxer.hikari.HikariConfig - dataSourceJNDI..................none
2025-11-11 15:37:19 DEBUG com.zaxxer.hikari.HikariConfig - dataSourceProperties............{password=<masked>}
2025-11-11 15:37:19 DEBUG com.zaxxer.hikari.HikariConfig - driverClassName................."com.mysql.cj.jdbc.Driver"
2025-11-11 15:37:19 DEBUG com.zaxxer.hikari.HikariConfig - exceptionOverrideClassName......none
2025-11-11 15:37:19 DEBUG com.zaxxer.hikari.HikariConfig - healthCheckProperties...........{}
2025-11-11 15:37:19 DEBUG com.zaxxer.hikari.HikariConfig - healthCheckRegistry.............none
2025-11-11 15:37:19 DEBUG com.zaxxer.hikari.HikariConfig - idleTimeout.....................600000
2025-11-11 15:37:19 DEBUG com.zaxxer.hikari.HikariConfig - initializationFailTimeout.......1
2025-11-11 15:37:19 DEBUG com.zaxxer.hikari.HikariConfig - isolateInternalQueries..........false
2025-11-11 15:37:19 DEBUG com.zaxxer.hikari.HikariConfig - jdbcUrl.........................jdbc:mysql://localhost:3306/springteacher7db?useUnicode=true&characterEncoding=utf-8&useSSL=true&serverTimezone=Europe/Athens
2025-11-11 15:37:19 DEBUG com.zaxxer.hikari.HikariConfig - keepaliveTime...................0
2025-11-11 15:37:19 DEBUG com.zaxxer.hikari.HikariConfig - leakDetectionThreshold..........0
2025-11-11 15:37:19 DEBUG com.zaxxer.hikari.HikariConfig - maxLifetime.....................1800000
2025-11-11 15:37:19 DEBUG com.zaxxer.hikari.HikariConfig - maximumPoolSize.................10
2025-11-11 15:37:19 DEBUG com.zaxxer.hikari.HikariConfig - metricRegistry..................none
2025-11-11 15:37:19 DEBUG com.zaxxer.hikari.HikariConfig - metricsTrackerFactory...........none
2025-11-11 15:37:19 DEBUG com.zaxxer.hikari.HikariConfig - minimumIdle.....................10
2025-11-11 15:37:19 DEBUG com.zaxxer.hikari.HikariConfig - password........................<masked>
2025-11-11 15:37:19 DEBUG com.zaxxer.hikari.HikariConfig - poolName........................"HikariPool-1"
2025-11-11 15:37:19 DEBUG com.zaxxer.hikari.HikariConfig - readOnly........................false
2025-11-11 15:37:19 DEBUG com.zaxxer.hikari.HikariConfig - registerMbeans..................false
2025-11-11 15:37:19 DEBUG com.zaxxer.hikari.HikariConfig - scheduledExecutor...............none
2025-11-11 15:37:19 DEBUG com.zaxxer.hikari.HikariConfig - schema..........................none
2025-11-11 15:37:19 DEBUG com.zaxxer.hikari.HikariConfig - threadFactory...................internal
2025-11-11 15:37:19 DEBUG com.zaxxer.hikari.HikariConfig - transactionIsolation............default
2025-11-11 15:37:19 DEBUG com.zaxxer.hikari.HikariConfig - username........................"springuser"
2025-11-11 15:37:19 DEBUG com.zaxxer.hikari.HikariConfig - validationTimeout...............5000
2025-11-11 15:37:19 INFO  com.zaxxer.hikari.HikariDataSource - HikariPool-1 - Starting...
2025-11-11 15:37:19 DEBUG com.zaxxer.hikari.pool.PoolBase - HikariPool-1 - Failed to create/setup connection: Communications link failure

The last packet sent successfully to the server was 0 milliseconds ago. The driver has not received any packets from the server.
2025-11-11 15:37:19 DEBUG com.zaxxer.hikari.pool.HikariPool - HikariPool-1 - Cannot acquire connection from data source
com.mysql.cj.jdbc.exceptions.CommunicationsException: Communications link failure

The last packet sent successfully to the server was 0 milliseconds ago. The driver has not received any packets from the server.
	at com.mysql.cj.jdbc.exceptions.SQLError.createCommunicationsException(SQLError.java:165)
	at com.mysql.cj.jdbc.exceptions.SQLExceptionsMapping.translateException(SQLExceptionsMapping.java:55)
	at com.mysql.cj.jdbc.ConnectionImpl.createNewIO(ConnectionImpl.java:837)
	at com.mysql.cj.jdbc.ConnectionImpl.<init>(ConnectionImpl.java:420)
	at com.mysql.cj.jdbc.ConnectionImpl.getInstance(ConnectionImpl.java:238)
	at com.mysql.cj.jdbc.NonRegisteringDriver.connect(NonRegisteringDriver.java:180)
	at com.zaxxer.hikari.util.DriverDataSource.getConnection(DriverDataSource.java:137)
	at com.zaxxer.hikari.pool.PoolBase.newConnection(PoolBase.java:360)
	at com.zaxxer.hikari.pool.PoolBase.newPoolEntry(PoolBase.java:202)
	at com.zaxxer.hikari.pool.HikariPool.createPoolEntry(HikariPool.java:461)
	at com.zaxxer.hikari.pool.HikariPool.checkFailFast(HikariPool.java:550)
	at com.zaxxer.hikari.pool.HikariPool.<init>(HikariPool.java:98)
	at com.zaxxer.hikari.HikariDataSource.getConnection(HikariDataSource.java:111)
	at org.hibernate.engine.jdbc.connections.internal.DatasourceConnectionProviderImpl.getConnection(DatasourceConnectionProviderImpl.java:126)
	at org.hibernate.engine.jdbc.env.internal.JdbcEnvironmentInitiator$ConnectionProviderJdbcConnectionAccess.obtainConnection(JdbcEnvironmentInitiator.java:483)
	at org.hibernate.resource.transaction.backend.jdbc.internal.JdbcIsolationDelegate.delegateWork(JdbcIsolationDelegate.java:61)
	at org.hibernate.engine.jdbc.env.internal.JdbcEnvironmentInitiator.getJdbcEnvironmentUsingJdbcMetadata(JdbcEnvironmentInitiator.java:336)
	at org.hibernate.engine.jdbc.env.internal.JdbcEnvironmentInitiator.initiateService(JdbcEnvironmentInitiator.java:129)
	at org.hibernate.engine.jdbc.env.internal.JdbcEnvironmentInitiator.initiateService(JdbcEnvironmentInitiator.java:81)
	at org.hibernate.boot.registry.internal.StandardServiceRegistryImpl.initiateService(StandardServiceRegistryImpl.java:130)
	at org.hibernate.service.internal.AbstractServiceRegistryImpl.createService(AbstractServiceRegistryImpl.java:263)
	at org.hibernate.service.internal.AbstractServiceRegistryImpl.initializeService(AbstractServiceRegistryImpl.java:238)
	at org.hibernate.service.internal.AbstractServiceRegistryImpl.getService(AbstractServiceRegistryImpl.java:215)
	at org.hibernate.boot.model.relational.Database.<init>(Database.java:45)
	at org.hibernate.boot.internal.InFlightMetadataCollectorImpl.getDatabase(InFlightMetadataCollectorImpl.java:226)
	at org.hibernate.boot.internal.InFlightMetadataCollectorImpl.<init>(InFlightMetadataCollectorImpl.java:194)
	at org.hibernate.boot.model.process.spi.MetadataBuildingProcess.complete(MetadataBuildingProcess.java:171)
	at org.hibernate.jpa.boot.internal.EntityManagerFactoryBuilderImpl.metadata(EntityManagerFactoryBuilderImpl.java:1442)
	at org.hibernate.jpa.boot.internal.EntityManagerFactoryBuilderImpl.build(EntityManagerFactoryBuilderImpl.java:1513)
	at org.springframework.orm.jpa.vendor.SpringHibernateJpaPersistenceProvider.createContainerEntityManagerFactory(SpringHibernateJpaPersistenceProvider.java:66)
	at org.springframework.orm.jpa.LocalContainerEntityManagerFactoryBean.createNativeEntityManagerFactory(LocalContainerEntityManagerFactoryBean.java:390)
	at org.springframework.orm.jpa.AbstractEntityManagerFactoryBean.buildNativeEntityManagerFactory(AbstractEntityManagerFactoryBean.java:419)
	at org.springframework.orm.jpa.AbstractEntityManagerFactoryBean.afterPropertiesSet(AbstractEntityManagerFactoryBean.java:400)
	at org.springframework.orm.jpa.LocalContainerEntityManagerFactoryBean.afterPropertiesSet(LocalContainerEntityManagerFactoryBean.java:366)
	at org.springframework.beans.factory.support.AbstractAutowireCapableBeanFactory.invokeInitMethods(AbstractAutowireCapableBeanFactory.java:1873)
	at org.springframework.beans.factory.support.AbstractAutowireCapableBeanFactory.initializeBean(AbstractAutowireCapableBeanFactory.java:1822)
	at org.springframework.beans.factory.support.AbstractAutowireCapableBeanFactory.doCreateBean(AbstractAutowireCapableBeanFactory.java:607)
	at org.springframework.beans.factory.support.AbstractAutowireCapableBeanFactory.createBean(AbstractAutowireCapableBeanFactory.java:529)
	at org.springframework.beans.factory.support.AbstractBeanFactory.lambda$doGetBean$0(AbstractBeanFactory.java:339)
	at org.springframework.beans.factory.support.DefaultSingletonBeanRegistry.getSingleton(DefaultSingletonBeanRegistry.java:373)
	at org.springframework.beans.factory.support.AbstractBeanFactory.doGetBean(AbstractBeanFactory.java:337)
	at org.springframework.beans.factory.support.AbstractBeanFactory.getBean(AbstractBeanFactory.java:207)
	at org.springframework.context.support.AbstractApplicationContext.finishBeanFactoryInitialization(AbstractApplicationContext.java:970)
	at org.springframework.context.support.AbstractApplicationContext.refresh(AbstractApplicationContext.java:627)
	at org.springframework.boot.web.servlet.context.ServletWebServerApplicationContext.refresh(ServletWebServerApplicationContext.java:146)
	at org.springframework.boot.SpringApplication.refresh(SpringApplication.java:753)
	at org.springframework.boot.SpringApplication.refreshContext(SpringApplication.java:439)
	at org.springframework.boot.SpringApplication.run(SpringApplication.java:318)
	at org.springframework.boot.SpringApplication.run(SpringApplication.java:1362)
	at org.springframework.boot.SpringApplication.run(SpringApplication.java:1351)
	at gr.aueb.cf.teacherapp.TeacherApplication.main(TeacherApplication.java:15)
Caused by: com.mysql.cj.exceptions.CJCommunicationsException: Communications link failure

The last packet sent successfully to the server was 0 milliseconds ago. The driver has not received any packets from the server.
	at java.base/jdk.internal.reflect.NativeConstructorAccessorImpl.newInstance0(Native Method)
	at java.base/jdk.internal.reflect.NativeConstructorAccessorImpl.newInstance(NativeConstructorAccessorImpl.java:77)
	at java.base/jdk.internal.reflect.DelegatingConstructorAccessorImpl.newInstance(DelegatingConstructorAccessorImpl.java:45)
	at java.base/java.lang.reflect.Constructor.newInstanceWithCaller(Constructor.java:500)
	at java.base/java.lang.reflect.Constructor.newInstance(Constructor.java:481)
	at com.mysql.cj.exceptions.ExceptionFactory.createException(ExceptionFactory.java:52)
	at com.mysql.cj.exceptions.ExceptionFactory.createException(ExceptionFactory.java:95)
	at com.mysql.cj.exceptions.ExceptionFactory.createException(ExceptionFactory.java:140)
	at com.mysql.cj.exceptions.ExceptionFactory.createCommunicationsException(ExceptionFactory.java:156)
	at com.mysql.cj.protocol.a.NativeSocketConnection.connect(NativeSocketConnection.java:79)
	at com.mysql.cj.NativeSession.connect(NativeSession.java:142)
	at com.mysql.cj.jdbc.ConnectionImpl.connectOneTryOnly(ConnectionImpl.java:961)
	at com.mysql.cj.jdbc.ConnectionImpl.createNewIO(ConnectionImpl.java:825)
	... 48 common frames omitted
Caused by: java.net.ConnectException: Connection refused: getsockopt
	at java.base/sun.nio.ch.Net.pollConnect(Native Method)
	at java.base/sun.nio.ch.Net.pollConnectNow(Net.java:672)
	at java.base/sun.nio.ch.NioSocketImpl.timedFinishConnect(NioSocketImpl.java:547)
	at java.base/sun.nio.ch.NioSocketImpl.connect(NioSocketImpl.java:602)
	at java.base/java.net.SocksSocketImpl.connect(SocksSocketImpl.java:327)
	at java.base/java.net.Socket.connect(Socket.java:633)
	at com.mysql.cj.protocol.StandardSocketFactory.connect(StandardSocketFactory.java:144)
	at com.mysql.cj.protocol.a.NativeSocketConnection.connect(NativeSocketConnection.java:53)
	... 51 common frames omitted
2025-11-11 15:37:21 DEBUG com.zaxxer.hikari.HikariConfig - HikariPool-1 - configuration:
2025-11-11 15:37:21 DEBUG com.zaxxer.hikari.HikariConfig - allowPoolSuspension.............false
2025-11-11 15:37:21 DEBUG com.zaxxer.hikari.HikariConfig - autoCommit......................true
2025-11-11 15:37:21 DEBUG com.zaxxer.hikari.HikariConfig - catalog.........................none
2025-11-11 15:37:21 DEBUG com.zaxxer.hikari.HikariConfig - connectionInitSql...............none
2025-11-11 15:37:21 DEBUG com.zaxxer.hikari.HikariConfig - connectionTestQuery.............none
2025-11-11 15:37:21 DEBUG com.zaxxer.hikari.HikariConfig - connectionTimeout...............30000
2025-11-11 15:37:21 DEBUG com.zaxxer.hikari.HikariConfig - dataSource......................none
2025-11-11 15:37:21 DEBUG com.zaxxer.hikari.HikariConfig - dataSourceClassName.............none
2025-11-11 15:37:21 DEBUG com.zaxxer.hikari.HikariConfig - dataSourceJNDI..................none
2025-11-11 15:37:21 DEBUG com.zaxxer.hikari.HikariConfig - dataSourceProperties............{password=<masked>}
2025-11-11 15:37:21 DEBUG com.zaxxer.hikari.HikariConfig - driverClassName................."com.mysql.cj.jdbc.Driver"
2025-11-11 15:37:21 DEBUG com.zaxxer.hikari.HikariConfig - exceptionOverrideClassName......none
2025-11-11 15:37:21 DEBUG com.zaxxer.hikari.HikariConfig - healthCheckProperties...........{}
2025-11-11 15:37:21 DEBUG com.zaxxer.hikari.HikariConfig - healthCheckRegistry.............none
2025-11-11 15:37:21 DEBUG com.zaxxer.hikari.HikariConfig - idleTimeout.....................600000
2025-11-11 15:37:21 DEBUG com.zaxxer.hikari.HikariConfig - initializationFailTimeout.......1
2025-11-11 15:37:21 DEBUG com.zaxxer.hikari.HikariConfig - isolateInternalQueries..........false
2025-11-11 15:37:21 DEBUG com.zaxxer.hikari.HikariConfig - jdbcUrl.........................jdbc:mysql://localhost:3306/springteacher7db?useUnicode=true&characterEncoding=utf-8&useSSL=true&serverTimezone=Europe/Athens
2025-11-11 15:37:21 DEBUG com.zaxxer.hikari.HikariConfig - keepaliveTime...................0
2025-11-11 15:37:21 DEBUG com.zaxxer.hikari.HikariConfig - leakDetectionThreshold..........0
2025-11-11 15:37:21 DEBUG com.zaxxer.hikari.HikariConfig - maxLifetime.....................1800000
2025-11-11 15:37:21 DEBUG com.zaxxer.hikari.HikariConfig - maximumPoolSize.................10
2025-11-11 15:37:21 DEBUG com.zaxxer.hikari.HikariConfig - metricRegistry..................none
2025-11-11 15:37:21 DEBUG com.zaxxer.hikari.HikariConfig - metricsTrackerFactory...........none
2025-11-11 15:37:21 DEBUG com.zaxxer.hikari.HikariConfig - minimumIdle.....................10
2025-11-11 15:37:21 DEBUG com.zaxxer.hikari.HikariConfig - password........................<masked>
2025-11-11 15:37:21 DEBUG com.zaxxer.hikari.HikariConfig - poolName........................"HikariPool-1"
2025-11-11 15:37:21 DEBUG com.zaxxer.hikari.HikariConfig - readOnly........................false
2025-11-11 15:37:21 DEBUG com.zaxxer.hikari.HikariConfig - registerMbeans..................false
2025-11-11 15:37:21 DEBUG com.zaxxer.hikari.HikariConfig - scheduledExecutor...............none
2025-11-11 15:37:21 DEBUG com.zaxxer.hikari.HikariConfig - schema..........................none
2025-11-11 15:37:21 DEBUG com.zaxxer.hikari.HikariConfig - threadFactory...................internal
2025-11-11 15:37:21 DEBUG com.zaxxer.hikari.HikariConfig - transactionIsolation............default
2025-11-11 15:37:21 DEBUG com.zaxxer.hikari.HikariConfig - username........................"springuser"
2025-11-11 15:37:21 DEBUG com.zaxxer.hikari.HikariConfig - validationTimeout...............5000
2025-11-11 15:37:21 INFO  com.zaxxer.hikari.HikariDataSource - HikariPool-1 - Starting...
2025-11-11 15:37:21 DEBUG com.zaxxer.hikari.pool.PoolBase - HikariPool-1 - Failed to create/setup connection: Communications link failure

The last packet sent successfully to the server was 0 milliseconds ago. The driver has not received any packets from the server.
2025-11-11 15:37:21 DEBUG com.zaxxer.hikari.pool.HikariPool - HikariPool-1 - Cannot acquire connection from data source
com.mysql.cj.jdbc.exceptions.CommunicationsException: Communications link failure

The last packet sent successfully to the server was 0 milliseconds ago. The driver has not received any packets from the server.
	at com.mysql.cj.jdbc.exceptions.SQLError.createCommunicationsException(SQLError.java:165)
	at com.mysql.cj.jdbc.exceptions.SQLExceptionsMapping.translateException(SQLExceptionsMapping.java:55)
	at com.mysql.cj.jdbc.ConnectionImpl.createNewIO(ConnectionImpl.java:837)
	at com.mysql.cj.jdbc.ConnectionImpl.<init>(ConnectionImpl.java:420)
	at com.mysql.cj.jdbc.ConnectionImpl.getInstance(ConnectionImpl.java:238)
	at com.mysql.cj.jdbc.NonRegisteringDriver.connect(NonRegisteringDriver.java:180)
	at com.zaxxer.hikari.util.DriverDataSource.getConnection(DriverDataSource.java:137)
	at com.zaxxer.hikari.pool.PoolBase.newConnection(PoolBase.java:360)
	at com.zaxxer.hikari.pool.PoolBase.newPoolEntry(PoolBase.java:202)
	at com.zaxxer.hikari.pool.HikariPool.createPoolEntry(HikariPool.java:461)
	at com.zaxxer.hikari.pool.HikariPool.checkFailFast(HikariPool.java:550)
	at com.zaxxer.hikari.pool.HikariPool.<init>(HikariPool.java:98)
	at com.zaxxer.hikari.HikariDataSource.getConnection(HikariDataSource.java:111)
	at org.hibernate.engine.jdbc.connections.internal.DatasourceConnectionProviderImpl.getConnection(DatasourceConnectionProviderImpl.java:126)
	at org.hibernate.engine.jdbc.env.internal.JdbcEnvironmentInitiator$ConnectionProviderJdbcConnectionAccess.obtainConnection(JdbcEnvironmentInitiator.java:483)
	at org.hibernate.resource.transaction.backend.jdbc.internal.DdlTransactionIsolatorNonJtaImpl.getIsolatedConnection(DdlTransactionIsolatorNonJtaImpl.java:46)
	at org.hibernate.resource.transaction.backend.jdbc.internal.DdlTransactionIsolatorNonJtaImpl.getIsolatedConnection(DdlTransactionIsolatorNonJtaImpl.java:39)
	at org.hibernate.tool.schema.internal.exec.ImprovedExtractionContextImpl.getJdbcConnection(ImprovedExtractionContextImpl.java:63)
	at org.hibernate.tool.schema.internal.exec.ImprovedExtractionContextImpl.getJdbcDatabaseMetaData(ImprovedExtractionContextImpl.java:70)
	at org.hibernate.tool.schema.extract.internal.InformationExtractorJdbcDatabaseMetaDataImpl.processTableResultSet(InformationExtractorJdbcDatabaseMetaDataImpl.java:65)
	at org.hibernate.tool.schema.extract.internal.AbstractInformationExtractorImpl.getTables(AbstractInformationExtractorImpl.java:570)
	at org.hibernate.tool.schema.extract.internal.DatabaseInformationImpl.getTablesInformation(DatabaseInformationImpl.java:122)
	at org.hibernate.tool.schema.internal.GroupedSchemaMigratorImpl.performTablesMigration(GroupedSchemaMigratorImpl.java:72)
	at org.hibernate.tool.schema.internal.AbstractSchemaMigrator.performMigration(AbstractSchemaMigrator.java:233)
	at org.hibernate.tool.schema.internal.AbstractSchemaMigrator.doMigration(AbstractSchemaMigrator.java:112)
	at org.hibernate.tool.schema.spi.SchemaManagementToolCoordinator.performDatabaseAction(SchemaManagementToolCoordinator.java:280)
	at org.hibernate.tool.schema.spi.SchemaManagementToolCoordinator.lambda$process$5(SchemaManagementToolCoordinator.java:144)
	at java.base/java.util.HashMap.forEach(HashMap.java:1421)
	at org.hibernate.tool.schema.spi.SchemaManagementToolCoordinator.process(SchemaManagementToolCoordinator.java:141)
	at org.hibernate.boot.internal.SessionFactoryObserverForSchemaExport.sessionFactoryCreated(SessionFactoryObserverForSchemaExport.java:37)
	at org.hibernate.internal.SessionFactoryObserverChain.sessionFactoryCreated(SessionFactoryObserverChain.java:35)
	at org.hibernate.internal.SessionFactoryImpl.<init>(SessionFactoryImpl.java:324)
	at org.hibernate.boot.internal.SessionFactoryBuilderImpl.build(SessionFactoryBuilderImpl.java:463)
	at org.hibernate.jpa.boot.internal.EntityManagerFactoryBuilderImpl.build(EntityManagerFactoryBuilderImpl.java:1517)
	at org.springframework.orm.jpa.vendor.SpringHibernateJpaPersistenceProvider.createContainerEntityManagerFactory(SpringHibernateJpaPersistenceProvider.java:66)
	at org.springframework.orm.jpa.LocalContainerEntityManagerFactoryBean.createNativeEntityManagerFactory(LocalContainerEntityManagerFactoryBean.java:390)
	at org.springframework.orm.jpa.AbstractEntityManagerFactoryBean.buildNativeEntityManagerFactory(AbstractEntityManagerFactoryBean.java:419)
	at org.springframework.orm.jpa.AbstractEntityManagerFactoryBean.afterPropertiesSet(AbstractEntityManagerFactoryBean.java:400)
	at org.springframework.orm.jpa.LocalContainerEntityManagerFactoryBean.afterPropertiesSet(LocalContainerEntityManagerFactoryBean.java:366)
	at org.springframework.beans.factory.support.AbstractAutowireCapableBeanFactory.invokeInitMethods(AbstractAutowireCapableBeanFactory.java:1873)
	at org.springframework.beans.factory.support.AbstractAutowireCapableBeanFactory.initializeBean(AbstractAutowireCapableBeanFactory.java:1822)
	at org.springframework.beans.factory.support.AbstractAutowireCapableBeanFactory.doCreateBean(AbstractAutowireCapableBeanFactory.java:607)
	at org.springframework.beans.factory.support.AbstractAutowireCapableBeanFactory.createBean(AbstractAutowireCapableBeanFactory.java:529)
	at org.springframework.beans.factory.support.AbstractBeanFactory.lambda$doGetBean$0(AbstractBeanFactory.java:339)
	at org.springframework.beans.factory.support.DefaultSingletonBeanRegistry.getSingleton(DefaultSingletonBeanRegistry.java:373)
	at org.springframework.beans.factory.support.AbstractBeanFactory.doGetBean(AbstractBeanFactory.java:337)
	at org.springframework.beans.factory.support.AbstractBeanFactory.getBean(AbstractBeanFactory.java:207)
	at org.springframework.context.support.AbstractApplicationContext.finishBeanFactoryInitialization(AbstractApplicationContext.java:970)
	at org.springframework.context.support.AbstractApplicationContext.refresh(AbstractApplicationContext.java:627)
	at org.springframework.boot.web.servlet.context.ServletWebServerApplicationContext.refresh(ServletWebServerApplicationContext.java:146)
	at org.springframework.boot.SpringApplication.refresh(SpringApplication.java:753)
	at org.springframework.boot.SpringApplication.refreshContext(SpringApplication.java:439)
	at org.springframework.boot.SpringApplication.run(SpringApplication.java:318)
	at org.springframework.boot.SpringApplication.run(SpringApplication.java:1362)
	at org.springframework.boot.SpringApplication.run(SpringApplication.java:1351)
	at gr.aueb.cf.teacherapp.TeacherApplication.main(TeacherApplication.java:15)
Caused by: com.mysql.cj.exceptions.CJCommunicationsException: Communications link failure

The last packet sent successfully to the server was 0 milliseconds ago. The driver has not received any packets from the server.
	at java.base/jdk.internal.reflect.NativeConstructorAccessorImpl.newInstance0(Native Method)
	at java.base/jdk.internal.reflect.NativeConstructorAccessorImpl.newInstance(NativeConstructorAccessorImpl.java:77)
	at java.base/jdk.internal.reflect.DelegatingConstructorAccessorImpl.newInstance(DelegatingConstructorAccessorImpl.java:45)
	at java.base/java.lang.reflect.Constructor.newInstanceWithCaller(Constructor.java:500)
	at java.base/java.lang.reflect.Constructor.newInstance(Constructor.java:481)
	at com.mysql.cj.exceptions.ExceptionFactory.createException(ExceptionFactory.java:52)
	at com.mysql.cj.exceptions.ExceptionFactory.createException(ExceptionFactory.java:95)
	at com.mysql.cj.exceptions.ExceptionFactory.createException(ExceptionFactory.java:140)
	at com.mysql.cj.exceptions.ExceptionFactory.createCommunicationsException(ExceptionFactory.java:156)
	at com.mysql.cj.protocol.a.NativeSocketConnection.connect(NativeSocketConnection.java:79)
	at com.mysql.cj.NativeSession.connect(NativeSession.java:142)
	at com.mysql.cj.jdbc.ConnectionImpl.connectOneTryOnly(ConnectionImpl.java:961)
	at com.mysql.cj.jdbc.ConnectionImpl.createNewIO(ConnectionImpl.java:825)
	... 53 common frames omitted
Caused by: java.net.ConnectException: Connection refused: getsockopt
	at java.base/sun.nio.ch.Net.pollConnect(Native Method)
	at java.base/sun.nio.ch.Net.pollConnectNow(Net.java:672)
	at java.base/sun.nio.ch.NioSocketImpl.timedFinishConnect(NioSocketImpl.java:547)
	at java.base/sun.nio.ch.NioSocketImpl.connect(NioSocketImpl.java:602)
	at java.base/java.net.SocksSocketImpl.connect(SocksSocketImpl.java:327)
	at java.base/java.net.Socket.connect(Socket.java:633)
	at com.mysql.cj.protocol.StandardSocketFactory.connect(StandardSocketFactory.java:144)
	at com.mysql.cj.protocol.a.NativeSocketConnection.connect(NativeSocketConnection.java:53)
	... 56 common frames omitted
2025-11-11 15:37:40 DEBUG com.zaxxer.hikari.HikariConfig - Driver class com.mysql.cj.jdbc.Driver found in Thread context class loader jdk.internal.loader.ClassLoaders$AppClassLoader@659e0bfd
2025-11-11 15:37:40 DEBUG com.zaxxer.hikari.HikariConfig - HikariPool-1 - configuration:
2025-11-11 15:37:40 DEBUG com.zaxxer.hikari.HikariConfig - allowPoolSuspension.............false
2025-11-11 15:37:40 DEBUG com.zaxxer.hikari.HikariConfig - autoCommit......................true
2025-11-11 15:37:40 DEBUG com.zaxxer.hikari.HikariConfig - catalog.........................none
2025-11-11 15:37:40 DEBUG com.zaxxer.hikari.HikariConfig - connectionInitSql...............none
2025-11-11 15:37:40 DEBUG com.zaxxer.hikari.HikariConfig - connectionTestQuery.............none
2025-11-11 15:37:40 DEBUG com.zaxxer.hikari.HikariConfig - connectionTimeout...............30000
2025-11-11 15:37:40 DEBUG com.zaxxer.hikari.HikariConfig - dataSource......................none
2025-11-11 15:37:40 DEBUG com.zaxxer.hikari.HikariConfig - dataSourceClassName.............none
2025-11-11 15:37:40 DEBUG com.zaxxer.hikari.HikariConfig - dataSourceJNDI..................none
2025-11-11 15:37:40 DEBUG com.zaxxer.hikari.HikariConfig - dataSourceProperties............{password=<masked>}
2025-11-11 15:37:40 DEBUG com.zaxxer.hikari.HikariConfig - driverClassName................."com.mysql.cj.jdbc.Driver"
2025-11-11 15:37:40 DEBUG com.zaxxer.hikari.HikariConfig - exceptionOverrideClassName......none
2025-11-11 15:37:40 DEBUG com.zaxxer.hikari.HikariConfig - healthCheckProperties...........{}
2025-11-11 15:37:40 DEBUG com.zaxxer.hikari.HikariConfig - healthCheckRegistry.............none
2025-11-11 15:37:40 DEBUG com.zaxxer.hikari.HikariConfig - idleTimeout.....................600000
2025-11-11 15:37:40 DEBUG com.zaxxer.hikari.HikariConfig - initializationFailTimeout.......1
2025-11-11 15:37:40 DEBUG com.zaxxer.hikari.HikariConfig - isolateInternalQueries..........false
2025-11-11 15:37:40 DEBUG com.zaxxer.hikari.HikariConfig - jdbcUrl.........................jdbc:mysql://localhost:3306/springteacher7db?useUnicode=true&characterEncoding=utf-8&useSSL=true&serverTimezone=Europe/Athens
2025-11-11 15:37:40 DEBUG com.zaxxer.hikari.HikariConfig - keepaliveTime...................0
2025-11-11 15:37:40 DEBUG com.zaxxer.hikari.HikariConfig - leakDetectionThreshold..........0
2025-11-11 15:37:40 DEBUG com.zaxxer.hikari.HikariConfig - maxLifetime.....................1800000
2025-11-11 15:37:40 DEBUG com.zaxxer.hikari.HikariConfig - maximumPoolSize.................10
2025-11-11 15:37:40 DEBUG com.zaxxer.hikari.HikariConfig - metricRegistry..................none
2025-11-11 15:37:40 DEBUG com.zaxxer.hikari.HikariConfig - metricsTrackerFactory...........none
2025-11-11 15:37:40 DEBUG com.zaxxer.hikari.HikariConfig - minimumIdle.....................10
2025-11-11 15:37:40 DEBUG com.zaxxer.hikari.HikariConfig - password........................<masked>
2025-11-11 15:37:40 DEBUG com.zaxxer.hikari.HikariConfig - poolName........................"HikariPool-1"
2025-11-11 15:37:40 DEBUG com.zaxxer.hikari.HikariConfig - readOnly........................false
2025-11-11 15:37:40 DEBUG com.zaxxer.hikari.HikariConfig - registerMbeans..................false
2025-11-11 15:37:40 DEBUG com.zaxxer.hikari.HikariConfig - scheduledExecutor...............none
2025-11-11 15:37:40 DEBUG com.zaxxer.hikari.HikariConfig - schema..........................none
2025-11-11 15:37:40 DEBUG com.zaxxer.hikari.HikariConfig - threadFactory...................internal
2025-11-11 15:37:40 DEBUG com.zaxxer.hikari.HikariConfig - transactionIsolation............default
2025-11-11 15:37:40 DEBUG com.zaxxer.hikari.HikariConfig - username........................"springuser"
2025-11-11 15:37:40 DEBUG com.zaxxer.hikari.HikariConfig - validationTimeout...............5000
2025-11-11 15:37:40 INFO  com.zaxxer.hikari.HikariDataSource - HikariPool-1 - Starting...
2025-11-11 15:37:41 INFO  com.zaxxer.hikari.pool.HikariPool - HikariPool-1 - Added connection com.mysql.cj.jdbc.ConnectionImpl@2932e15f
2025-11-11 15:37:41 INFO  com.zaxxer.hikari.HikariDataSource - HikariPool-1 - Start completed.
2025-11-11 15:37:41 DEBUG com.zaxxer.hikari.pool.HikariPool - HikariPool-1 - Pool stats (total=1, active=0, idle=1, waiting=0)
2025-11-11 15:37:41 DEBUG com.zaxxer.hikari.pool.HikariPool - HikariPool-1 - Added connection com.mysql.cj.jdbc.ConnectionImpl@413dd61c
2025-11-11 15:37:41 DEBUG com.zaxxer.hikari.pool.HikariPool - HikariPool-1 - After adding stats (total=2, active=0, idle=2, waiting=0)
2025-11-11 15:37:41 DEBUG com.zaxxer.hikari.pool.HikariPool - HikariPool-1 - Added connection com.mysql.cj.jdbc.ConnectionImpl@21122953
2025-11-11 15:37:41 DEBUG com.zaxxer.hikari.pool.HikariPool - HikariPool-1 - After adding stats (total=3, active=0, idle=3, waiting=0)
2025-11-11 15:37:41 DEBUG com.zaxxer.hikari.pool.HikariPool - HikariPool-1 - Added connection com.mysql.cj.jdbc.ConnectionImpl@1f134a02
2025-11-11 15:37:41 DEBUG com.zaxxer.hikari.pool.HikariPool - HikariPool-1 - After adding stats (total=4, active=0, idle=4, waiting=0)
2025-11-11 15:37:41 DEBUG com.zaxxer.hikari.pool.HikariPool - HikariPool-1 - Added connection com.mysql.cj.jdbc.ConnectionImpl@255c74f0
2025-11-11 15:37:41 DEBUG com.zaxxer.hikari.pool.HikariPool - HikariPool-1 - After adding stats (total=5, active=0, idle=5, waiting=0)
2025-11-11 15:37:41 DEBUG com.zaxxer.hikari.pool.HikariPool - HikariPool-1 - Added connection com.mysql.cj.jdbc.ConnectionImpl@3827b6fa
2025-11-11 15:37:41 DEBUG com.zaxxer.hikari.pool.HikariPool - HikariPool-1 - After adding stats (total=6, active=0, idle=6, waiting=0)
2025-11-11 15:37:41 DEBUG com.zaxxer.hikari.pool.HikariPool - HikariPool-1 - Added connection com.mysql.cj.jdbc.ConnectionImpl@4f6259da
2025-11-11 15:37:41 DEBUG com.zaxxer.hikari.pool.HikariPool - HikariPool-1 - After adding stats (total=7, active=0, idle=7, waiting=0)
2025-11-11 15:37:41 DEBUG com.zaxxer.hikari.pool.HikariPool - HikariPool-1 - Added connection com.mysql.cj.jdbc.ConnectionImpl@7a66d082
2025-11-11 15:37:41 DEBUG com.zaxxer.hikari.pool.HikariPool - HikariPool-1 - After adding stats (total=8, active=0, idle=8, waiting=0)
2025-11-11 15:37:41 DEBUG com.zaxxer.hikari.pool.HikariPool - HikariPool-1 - Added connection com.mysql.cj.jdbc.ConnectionImpl@5404f439
2025-11-11 15:37:41 DEBUG com.zaxxer.hikari.pool.HikariPool - HikariPool-1 - After adding stats (total=9, active=0, idle=9, waiting=0)
2025-11-11 15:37:41 DEBUG com.zaxxer.hikari.pool.HikariPool - HikariPool-1 - Added connection com.mysql.cj.jdbc.ConnectionImpl@7e70dfe9
2025-11-11 15:37:41 DEBUG com.zaxxer.hikari.pool.HikariPool - HikariPool-1 - After adding stats (total=10, active=0, idle=10, waiting=0)
2025-11-11 15:38:11 DEBUG com.zaxxer.hikari.pool.HikariPool - HikariPool-1 - Pool stats (total=10, active=0, idle=10, waiting=0)
2025-11-11 15:38:11 DEBUG com.zaxxer.hikari.pool.HikariPool - HikariPool-1 - Fill pool skipped, pool has sufficient level or currently being filled.
2025-11-11 15:38:43 DEBUG com.zaxxer.hikari.HikariConfig - Driver class com.mysql.cj.jdbc.Driver found in Thread context class loader jdk.internal.loader.ClassLoaders$AppClassLoader@73d16e93
2025-11-11 15:38:43 DEBUG com.zaxxer.hikari.HikariConfig - HikariPool-1 - configuration:
2025-11-11 15:38:43 DEBUG com.zaxxer.hikari.HikariConfig - allowPoolSuspension.............false
2025-11-11 15:38:43 DEBUG com.zaxxer.hikari.HikariConfig - autoCommit......................true
2025-11-11 15:38:43 DEBUG com.zaxxer.hikari.HikariConfig - catalog.........................none
2025-11-11 15:38:43 DEBUG com.zaxxer.hikari.HikariConfig - connectionInitSql...............none
2025-11-11 15:38:43 DEBUG com.zaxxer.hikari.HikariConfig - connectionTestQuery.............none
2025-11-11 15:38:43 DEBUG com.zaxxer.hikari.HikariConfig - connectionTimeout...............30000
2025-11-11 15:38:43 DEBUG com.zaxxer.hikari.HikariConfig - dataSource......................none
2025-11-11 15:38:43 DEBUG com.zaxxer.hikari.HikariConfig - dataSourceClassName.............none
2025-11-11 15:38:43 DEBUG com.zaxxer.hikari.HikariConfig - dataSourceJNDI..................none
2025-11-11 15:38:43 DEBUG com.zaxxer.hikari.HikariConfig - dataSourceProperties............{password=<masked>}
2025-11-11 15:38:43 DEBUG com.zaxxer.hikari.HikariConfig - driverClassName................."com.mysql.cj.jdbc.Driver"
2025-11-11 15:38:43 DEBUG com.zaxxer.hikari.HikariConfig - exceptionOverrideClassName......none
2025-11-11 15:38:43 DEBUG com.zaxxer.hikari.HikariConfig - healthCheckProperties...........{}
2025-11-11 15:38:43 DEBUG com.zaxxer.hikari.HikariConfig - healthCheckRegistry.............none
2025-11-11 15:38:43 DEBUG com.zaxxer.hikari.HikariConfig - idleTimeout.....................600000
2025-11-11 15:38:43 DEBUG com.zaxxer.hikari.HikariConfig - initializationFailTimeout.......1
2025-11-11 15:38:43 DEBUG com.zaxxer.hikari.HikariConfig - isolateInternalQueries..........false
2025-11-11 15:38:43 DEBUG com.zaxxer.hikari.HikariConfig - jdbcUrl.........................jdbc:mysql://localhost:3306/springteacher7db?useUnicode=true&characterEncoding=utf-8&useSSL=true&serverTimezone=Europe/Athens
2025-11-11 15:38:43 DEBUG com.zaxxer.hikari.HikariConfig - keepaliveTime...................0
2025-11-11 15:38:43 DEBUG com.zaxxer.hikari.HikariConfig - leakDetectionThreshold..........0
2025-11-11 15:38:43 DEBUG com.zaxxer.hikari.HikariConfig - maxLifetime.....................1800000
2025-11-11 15:38:43 DEBUG com.zaxxer.hikari.HikariConfig - maximumPoolSize.................10
2025-11-11 15:38:43 DEBUG com.zaxxer.hikari.HikariConfig - metricRegistry..................none
2025-11-11 15:38:43 DEBUG com.zaxxer.hikari.HikariConfig - metricsTrackerFactory...........none
2025-11-11 15:38:43 DEBUG com.zaxxer.hikari.HikariConfig - minimumIdle.....................10
2025-11-11 15:38:43 DEBUG com.zaxxer.hikari.HikariConfig - password........................<masked>
2025-11-11 15:38:43 DEBUG com.zaxxer.hikari.HikariConfig - poolName........................"HikariPool-1"
2025-11-11 15:38:43 DEBUG com.zaxxer.hikari.HikariConfig - readOnly........................false
2025-11-11 15:38:43 DEBUG com.zaxxer.hikari.HikariConfig - registerMbeans..................false
2025-11-11 15:38:43 DEBUG com.zaxxer.hikari.HikariConfig - scheduledExecutor...............none
2025-11-11 15:38:43 DEBUG com.zaxxer.hikari.HikariConfig - schema..........................none
2025-11-11 15:38:43 DEBUG com.zaxxer.hikari.HikariConfig - threadFactory...................internal
2025-11-11 15:38:43 DEBUG com.zaxxer.hikari.HikariConfig - transactionIsolation............default
2025-11-11 15:38:43 DEBUG com.zaxxer.hikari.HikariConfig - username........................"springuser"
2025-11-11 15:38:43 DEBUG com.zaxxer.hikari.HikariConfig - validationTimeout...............5000
2025-11-11 15:38:43 INFO  com.zaxxer.hikari.HikariDataSource - HikariPool-1 - Starting...
2025-11-11 15:38:43 INFO  com.zaxxer.hikari.pool.HikariPool - HikariPool-1 - Added connection com.mysql.cj.jdbc.ConnectionImpl@32513dea
2025-11-11 15:38:43 INFO  com.zaxxer.hikari.HikariDataSource - HikariPool-1 - Start completed.
2025-11-11 15:38:43 DEBUG com.zaxxer.hikari.pool.HikariPool - HikariPool-1 - Pool stats (total=1, active=0, idle=1, waiting=0)
2025-11-11 15:38:43 DEBUG com.zaxxer.hikari.pool.HikariPool - HikariPool-1 - Added connection com.mysql.cj.jdbc.ConnectionImpl@b3b31db
2025-11-11 15:38:43 DEBUG com.zaxxer.hikari.pool.HikariPool - HikariPool-1 - After adding stats (total=2, active=0, idle=2, waiting=0)
2025-11-11 15:38:43 DEBUG com.zaxxer.hikari.pool.HikariPool - HikariPool-1 - Added connection com.mysql.cj.jdbc.ConnectionImpl@6b14ce94
2025-11-11 15:38:43 DEBUG com.zaxxer.hikari.pool.HikariPool - HikariPool-1 - After adding stats (total=3, active=0, idle=3, waiting=0)
2025-11-11 15:38:43 DEBUG com.zaxxer.hikari.pool.HikariPool - HikariPool-1 - Added connection com.mysql.cj.jdbc.ConnectionImpl@70d4131
2025-11-11 15:38:43 DEBUG com.zaxxer.hikari.pool.HikariPool - HikariPool-1 - After adding stats (total=4, active=0, idle=4, waiting=0)
2025-11-11 15:38:43 DEBUG com.zaxxer.hikari.pool.HikariPool - HikariPool-1 - Added connection com.mysql.cj.jdbc.ConnectionImpl@6f5a5139
2025-11-11 15:38:44 DEBUG com.zaxxer.hikari.pool.HikariPool - HikariPool-1 - After adding stats (total=5, active=0, idle=5, waiting=0)
2025-11-11 15:38:44 DEBUG com.zaxxer.hikari.pool.HikariPool - HikariPool-1 - Added connection com.mysql.cj.jdbc.ConnectionImpl@2bc22f82
2025-11-11 15:38:44 DEBUG com.zaxxer.hikari.pool.HikariPool - HikariPool-1 - After adding stats (total=6, active=0, idle=6, waiting=0)
2025-11-11 15:38:44 DEBUG com.zaxxer.hikari.pool.HikariPool - HikariPool-1 - Added connection com.mysql.cj.jdbc.ConnectionImpl@e9fee9a
2025-11-11 15:38:44 DEBUG com.zaxxer.hikari.pool.HikariPool - HikariPool-1 - After adding stats (total=7, active=0, idle=7, waiting=0)
2025-11-11 15:38:44 DEBUG com.zaxxer.hikari.pool.HikariPool - HikariPool-1 - Added connection com.mysql.cj.jdbc.ConnectionImpl@2d7c80b6
2025-11-11 15:38:44 DEBUG com.zaxxer.hikari.pool.HikariPool - HikariPool-1 - After adding stats (total=8, active=0, idle=8, waiting=0)
2025-11-11 15:38:44 DEBUG com.zaxxer.hikari.pool.HikariPool - HikariPool-1 - Added connection com.mysql.cj.jdbc.ConnectionImpl@623ba30f
2025-11-11 15:38:44 DEBUG com.zaxxer.hikari.pool.HikariPool - HikariPool-1 - After adding stats (total=9, active=0, idle=9, waiting=0)
2025-11-11 15:38:44 DEBUG com.zaxxer.hikari.pool.HikariPool - HikariPool-1 - Added connection com.mysql.cj.jdbc.ConnectionImpl@7c3b3428
2025-11-11 15:38:44 DEBUG com.zaxxer.hikari.pool.HikariPool - HikariPool-1 - After adding stats (total=10, active=0, idle=10, waiting=0)
2025-11-11 15:39:13 DEBUG com.zaxxer.hikari.pool.HikariPool - HikariPool-1 - Pool stats (total=10, active=0, idle=10, waiting=0)
2025-11-11 15:39:13 DEBUG com.zaxxer.hikari.pool.HikariPool - HikariPool-1 - Fill pool skipped, pool has sufficient level or currently being filled.
